2019-12-17 09:11:37.403  INFO 5321 --- [restartedMain] c.b.fundoonote.FundooNoteApplication     : Starting FundooNoteApplication on admin1-LIVA-Z2V with PID 5321 (/home/admin1/Desktop/SpringWorkSpace/FundooNote/target/classes started by admin1 in /home/admin1/Desktop/SpringWorkSpace/FundooNote)
2019-12-17 09:11:37.431  INFO 5321 --- [restartedMain] c.b.fundoonote.FundooNoteApplication     : No active profile set, falling back to default profiles: default
2019-12-17 09:11:38.347  INFO 5321 --- [restartedMain] o.s.b.devtools.restart.ChangeableUrls    : The Class-Path manifest attribute in /home/admin1/.m2/repository/com/sun/xml/bind/jaxb-osgi/2.2.10/jaxb-osgi-2.2.10.jar referenced one or more files that do not exist: file:/home/admin1/.m2/repository/com/sun/xml/bind/jaxb-osgi/2.2.10/jaxb-core-2.2.10.jar,file:/home/admin1/.m2/repository/com/sun/xml/bind/jaxb-osgi/2.2.10/jaxb-xjc-2.2.10.jar,file:/home/admin1/.m2/repository/com/sun/xml/bind/jaxb-osgi/2.2.10/jaxb-impl-2.2.10.jar,file:/home/admin1/.m2/repository/com/sun/xml/bind/jaxb-osgi/2.2.10/jaxb-jxc-2.2.10.jar,file:/home/admin1/.m2/repository/com/sun/xml/bind/jaxb-osgi/2.2.10/jaxb1-impl-2.2.10.jar,file:/home/admin1/.m2/repository/com/sun/xml/bind/jaxb-osgi/2.2.10/jaxb-runtime-2.2.10.jar,file:/home/admin1/.m2/repository/com/sun/xml/bind/jaxb-osgi/2.2.10/jaxb-core-2.2.10.jar,file:/home/admin1/.m2/repository/com/sun/xml/bind/jaxb-osgi/2.2.10/jaxb-api-2.2.12-b140109.1041.jar,file:/home/admin1/.m2/repository/com/sun/xml/bind/jaxb-osgi/2.2.10/txw2-2.2.10.jar,file:/home/admin1/.m2/repository/com/sun/xml/bind/jaxb-osgi/2.2.10/istack-commons-runtime-2.19.jar,file:/home/admin1/.m2/repository/com/sun/xml/bind/jaxb-osgi/2.2.10/stax-ex-1.7.7.jar,file:/home/admin1/.m2/repository/com/sun/xml/bind/jaxb-osgi/2.2.10/FastInfoset-1.2.13.jar,file:/home/admin1/.m2/repository/com/sun/xml/bind/jaxb-osgi/2.2.10/msv-core-2013.6.1.jar,file:/home/admin1/.m2/repository/com/sun/xml/bind/jaxb-osgi/2.2.10/xsdlib-2013.6.1.jar,file:/home/admin1/.m2/repository/com/sun/xml/bind/jaxb-osgi/2.2.10/relaxngDatatype-20020414.jar,file:/home/admin1/.m2/repository/com/sun/xml/bind/jaxb-osgi/2.2.10/isorelax-20090621.jar
2019-12-17 09:11:38.348  INFO 5321 --- [restartedMain] .e.DevToolsPropertyDefaultsPostProcessor : Devtools property defaults active! Set 'spring.devtools.add-properties' to 'false' to disable
2019-12-17 09:11:38.349  INFO 5321 --- [restartedMain] .e.DevToolsPropertyDefaultsPostProcessor : For additional web related logging consider setting the 'logging.level.web' property to 'DEBUG'
2019-12-17 09:11:39.924  INFO 5321 --- [restartedMain] .s.d.r.c.RepositoryConfigurationDelegate : Multiple Spring Data modules found, entering strict repository configuration mode!
2019-12-17 09:11:39.926  INFO 5321 --- [restartedMain] .s.d.r.c.RepositoryConfigurationDelegate : Bootstrapping Spring Data repositories in DEFAULT mode.
2019-12-17 09:11:39.975  INFO 5321 --- [restartedMain] .s.d.r.c.RepositoryConfigurationDelegate : Finished Spring Data repository scanning in 16ms. Found 0 repository interfaces.
2019-12-17 09:11:40.451  INFO 5321 --- [restartedMain] .s.d.r.c.RepositoryConfigurationDelegate : Multiple Spring Data modules found, entering strict repository configuration mode!
2019-12-17 09:11:40.452  INFO 5321 --- [restartedMain] .s.d.r.c.RepositoryConfigurationDelegate : Bootstrapping Spring Data repositories in DEFAULT mode.
2019-12-17 09:11:40.577  INFO 5321 --- [restartedMain] .s.d.r.c.RepositoryConfigurationDelegate : Finished Spring Data repository scanning in 124ms. Found 3 repository interfaces.
2019-12-17 09:11:40.591  INFO 5321 --- [restartedMain] .s.d.r.c.RepositoryConfigurationDelegate : Multiple Spring Data modules found, entering strict repository configuration mode!
2019-12-17 09:11:40.592  INFO 5321 --- [restartedMain] .s.d.r.c.RepositoryConfigurationDelegate : Bootstrapping Spring Data repositories in DEFAULT mode.
2019-12-17 09:11:40.604  INFO 5321 --- [restartedMain] .RepositoryConfigurationExtensionSupport : Spring Data Redis - Could not safely identify store assignment for repository candidate interface com.bridgelabz.fundoonote.label.repository.LabelRepository. If you want this repository to be a Redis repository, consider annotating your entities with one of these annotations: org.springframework.data.redis.core.RedisHash (preferred), or consider extending one of the following types with your repository: org.springframework.data.keyvalue.repository.KeyValueRepository.
2019-12-17 09:11:40.606  INFO 5321 --- [restartedMain] .RepositoryConfigurationExtensionSupport : Spring Data Redis - Could not safely identify store assignment for repository candidate interface com.bridgelabz.fundoonote.note.repository.NoteRepository. If you want this repository to be a Redis repository, consider annotating your entities with one of these annotations: org.springframework.data.redis.core.RedisHash (preferred), or consider extending one of the following types with your repository: org.springframework.data.keyvalue.repository.KeyValueRepository.
2019-12-17 09:11:40.607  INFO 5321 --- [restartedMain] .RepositoryConfigurationExtensionSupport : Spring Data Redis - Could not safely identify store assignment for repository candidate interface com.bridgelabz.fundoonote.repository.UserRepository. If you want this repository to be a Redis repository, consider annotating your entities with one of these annotations: org.springframework.data.redis.core.RedisHash (preferred), or consider extending one of the following types with your repository: org.springframework.data.keyvalue.repository.KeyValueRepository.
2019-12-17 09:11:40.607  INFO 5321 --- [restartedMain] .s.d.r.c.RepositoryConfigurationDelegate : Finished Spring Data repository scanning in 15ms. Found 0 repository interfaces.
2019-12-17 09:11:42.651  INFO 5321 --- [restartedMain] o.s.b.w.embedded.tomcat.TomcatWebServer  : Tomcat initialized with port(s): 1234 (http)
2019-12-17 09:11:42.664  INFO 5321 --- [restartedMain] o.apache.catalina.core.StandardService   : Starting service [Tomcat]
2019-12-17 09:11:42.665  INFO 5321 --- [restartedMain] org.apache.catalina.core.StandardEngine  : Starting Servlet engine: [Apache Tomcat/9.0.27]
2019-12-17 09:11:43.001  INFO 5321 --- [restartedMain] o.a.c.c.C.[Tomcat].[localhost].[/]       : Initializing Spring embedded WebApplicationContext
2019-12-17 09:11:43.002  INFO 5321 --- [restartedMain] o.s.web.context.ContextLoader            : Root WebApplicationContext: initialization completed in 4653 ms
2019-12-17 09:11:43.330  INFO 5321 --- [restartedMain] org.mongodb.driver.cluster               : Cluster created with settings {hosts=[localhost:27017], mode=MULTIPLE, requiredClusterType=UNKNOWN, serverSelectionTimeout='30000 ms', maxWaitQueueSize=500}
2019-12-17 09:11:43.331  INFO 5321 --- [restartedMain] org.mongodb.driver.cluster               : Adding discovered server localhost:27017 to client view of cluster
2019-12-17 09:11:43.414  INFO 5321 --- [cluster-ClusterId{value='5df84e77da8b6736c5e4f971', description='null'}-localhost:27017] org.mongodb.driver.connection            : Opened connection [connectionId{localValue:1, serverValue:1}] to localhost:27017
2019-12-17 09:11:43.432  INFO 5321 --- [cluster-ClusterId{value='5df84e77da8b6736c5e4f971', description='null'}-localhost:27017] org.mongodb.driver.cluster               : Monitor thread successfully connected to server with description ServerDescription{address=localhost:27017, type=STANDALONE, state=CONNECTED, ok=true, version=ServerVersion{versionList=[3, 6, 3]}, minWireVersion=0, maxWireVersion=6, maxDocumentSize=16777216, logicalSessionTimeoutMinutes=30, roundTripTimeNanos=4482986}
2019-12-17 09:11:43.436  INFO 5321 --- [cluster-ClusterId{value='5df84e77da8b6736c5e4f971', description='null'}-localhost:27017] org.mongodb.driver.cluster               : Discovered cluster type of STANDALONE
2019-12-17 09:11:43.550  WARN 5321 --- [restartedMain] o.s.data.convert.CustomConversions       : Registering converter from class java.time.LocalDateTime to class java.time.Instant as reading converter although it doesn't convert from a store-supported type! You might wanna check you annotation setup at the converter implementation.
2019-12-17 09:11:43.551  WARN 5321 --- [restartedMain] o.s.data.convert.CustomConversions       : Registering converter from class java.time.Instant to class java.time.LocalDateTime as reading converter although it doesn't convert from a store-supported type! You might wanna check you annotation setup at the converter implementation.
2019-12-17 09:11:43.628  WARN 5321 --- [restartedMain] o.s.data.convert.CustomConversions       : Registering converter from class java.time.LocalDateTime to class java.time.Instant as reading converter although it doesn't convert from a store-supported type! You might wanna check you annotation setup at the converter implementation.
2019-12-17 09:11:43.635  WARN 5321 --- [restartedMain] o.s.data.convert.CustomConversions       : Registering converter from class java.time.Instant to class java.time.LocalDateTime as reading converter although it doesn't convert from a store-supported type! You might wanna check you annotation setup at the converter implementation.
2019-12-17 09:11:44.023  INFO 5321 --- [restartedMain] o.s.b.d.a.OptionalLiveReloadServer       : LiveReload server is running on port 35729
2019-12-17 09:11:46.029  INFO 5321 --- [restartedMain] o.s.s.concurrent.ThreadPoolTaskExecutor  : Initializing ExecutorService 'applicationTaskExecutor'
2019-12-17 09:11:46.415  WARN 5321 --- [restartedMain] ion$DefaultTemplateResolverConfiguration : Cannot find template location: classpath:/templates/ (please add some templates or check your Thymeleaf configuration)
2019-12-17 09:11:46.776  INFO 5321 --- [restartedMain] d.s.w.p.DocumentationPluginsBootstrapper : Context refreshed
2019-12-17 09:11:46.797  INFO 5321 --- [restartedMain] d.s.w.p.DocumentationPluginsBootstrapper : Found 1 custom documentation plugin(s)
2019-12-17 09:11:46.818  INFO 5321 --- [restartedMain] s.d.s.w.s.ApiListingReferenceScanner     : Scanning for api listing references
2019-12-17 09:11:47.115  INFO 5321 --- [restartedMain] .d.s.w.r.o.CachingOperationNameGenerator : Generating unique operation named: addNoteUsingPOST_1
2019-12-17 09:11:47.425  INFO 5321 --- [restartedMain] o.s.a.r.c.CachingConnectionFactory       : Attempting to connect to: [localhost:5672]
2019-12-17 09:11:47.466  INFO 5321 --- [restartedMain] o.s.a.r.c.CachingConnectionFactory       : Created new connection: rabbitConnectionFactory#4234ec29:0/SimpleConnection@2fa56c8a [delegate=amqp://guest@127.0.0.1:5672/, localPort= 55398]
2019-12-17 09:11:47.472  INFO 5321 --- [restartedMain] o.s.amqp.rabbit.core.RabbitAdmin         : Auto-declaring a non-durable, auto-delete, or exclusive Queue (userMessageQueue) durable:false, auto-delete:false, exclusive:false. It will be redeclared if the broker stops and is restarted while the connection factory is alive, but all messages will be lost.
2019-12-17 09:11:47.618  INFO 5321 --- [restartedMain] o.s.b.w.embedded.tomcat.TomcatWebServer  : Tomcat started on port(s): 1234 (http) with context path ''
2019-12-17 09:11:47.632  INFO 5321 --- [restartedMain] c.b.fundoonote.FundooNoteApplication     : Started FundooNoteApplication in 11.139 seconds (JVM running for 13.412)
2019-12-17 09:11:50.536  INFO 5321 --- [http-nio-1234-exec-1] o.a.c.c.C.[Tomcat].[localhost].[/]       : Initializing Spring DispatcherServlet 'dispatcherServlet'
2019-12-17 09:11:50.540  INFO 5321 --- [http-nio-1234-exec-1] o.s.web.servlet.DispatcherServlet        : Initializing Servlet 'dispatcherServlet'
2019-12-17 09:11:50.576  INFO 5321 --- [http-nio-1234-exec-1] o.s.web.servlet.DispatcherServlet        : Completed initialization in 33 ms
2019-12-17 09:13:49.344  INFO 5321 --- [http-nio-1234-exec-4] org.mongodb.driver.connection            : Opened connection [connectionId{localValue:2, serverValue:6}] to localhost:27017
2019-12-17 09:13:49.562 ERROR 5321 --- [http-nio-1234-exec-4] o.a.c.c.C.[.[.[/].[dispatcherServlet]    : Servlet.service() for servlet [dispatcherServlet] in context with path [] threw exception [Request processing failed; nested exception is org.springframework.data.redis.serializer.SerializationException: Cannot serialize; nested exception is org.springframework.core.serializer.support.SerializationFailedException: Failed to serialize object using DefaultSerializer; nested exception is java.lang.IllegalArgumentException: DefaultSerializer requires a Serializable payload but received an object of type [com.bridgelabz.fundoonote.response.Response]] with root cause

java.lang.IllegalArgumentException: DefaultSerializer requires a Serializable payload but received an object of type [com.bridgelabz.fundoonote.response.Response]
	at org.springframework.core.serializer.DefaultSerializer.serialize(DefaultSerializer.java:43) ~[spring-core-5.2.1.RELEASE.jar:5.2.1.RELEASE]
	at org.springframework.core.serializer.support.SerializingConverter.convert(SerializingConverter.java:63) ~[spring-core-5.2.1.RELEASE.jar:5.2.1.RELEASE]
	at org.springframework.core.serializer.support.SerializingConverter.convert(SerializingConverter.java:35) ~[spring-core-5.2.1.RELEASE.jar:5.2.1.RELEASE]
	at org.springframework.data.redis.serializer.JdkSerializationRedisSerializer.serialize(JdkSerializationRedisSerializer.java:94) ~[spring-data-redis-2.2.1.RELEASE.jar:2.2.1.RELEASE]
	at org.springframework.data.redis.serializer.DefaultRedisElementWriter.write(DefaultRedisElementWriter.java:43) ~[spring-data-redis-2.2.1.RELEASE.jar:2.2.1.RELEASE]
	at org.springframework.data.redis.serializer.RedisSerializationContext$SerializationPair.write(RedisSerializationContext.java:287) ~[spring-data-redis-2.2.1.RELEASE.jar:2.2.1.RELEASE]
	at org.springframework.data.redis.cache.RedisCache.serializeCacheValue(RedisCache.java:244) ~[spring-data-redis-2.2.1.RELEASE.jar:2.2.1.RELEASE]
	at org.springframework.data.redis.cache.RedisCache.put(RedisCache.java:150) ~[spring-data-redis-2.2.1.RELEASE.jar:2.2.1.RELEASE]
	at org.springframework.cache.interceptor.AbstractCacheInvoker.doPut(AbstractCacheInvoker.java:87) ~[spring-context-5.2.1.RELEASE.jar:5.2.1.RELEASE]
	at org.springframework.cache.interceptor.CacheAspectSupport$CachePutRequest.apply(CacheAspectSupport.java:820) ~[spring-context-5.2.1.RELEASE.jar:5.2.1.RELEASE]
	at org.springframework.cache.interceptor.CacheAspectSupport.execute(CacheAspectSupport.java:429) ~[spring-context-5.2.1.RELEASE.jar:5.2.1.RELEASE]
	at org.springframework.cache.interceptor.CacheAspectSupport.execute(CacheAspectSupport.java:345) ~[spring-context-5.2.1.RELEASE.jar:5.2.1.RELEASE]
	at org.springframework.cache.interceptor.CacheInterceptor.invoke(CacheInterceptor.java:61) ~[spring-context-5.2.1.RELEASE.jar:5.2.1.RELEASE]
	at org.springframework.aop.framework.ReflectiveMethodInvocation.proceed(ReflectiveMethodInvocation.java:186) ~[spring-aop-5.2.1.RELEASE.jar:5.2.1.RELEASE]
	at org.springframework.aop.framework.CglibAopProxy$CglibMethodInvocation.proceed(CglibAopProxy.java:747) ~[spring-aop-5.2.1.RELEASE.jar:5.2.1.RELEASE]
	at org.springframework.aop.framework.CglibAopProxy$DynamicAdvisedInterceptor.intercept(CglibAopProxy.java:689) ~[spring-aop-5.2.1.RELEASE.jar:5.2.1.RELEASE]
	at com.bridgelabz.fundoonote.note.services.NoteServiceImpli$$EnhancerBySpringCGLIB$$600c442a.addNote(<generated>) ~[classes/:na]
	at com.bridgelabz.fundoonote.note.controller.NoteController.addNote(NoteController.java:31) ~[classes/:na]
	at sun.reflect.NativeMethodAccessorImpl.invoke0(Native Method) ~[na:1.8.0_222]
	at sun.reflect.NativeMethodAccessorImpl.invoke(NativeMethodAccessorImpl.java:62) ~[na:1.8.0_222]
	at sun.reflect.DelegatingMethodAccessorImpl.invoke(DelegatingMethodAccessorImpl.java:43) ~[na:1.8.0_222]
	at java.lang.reflect.Method.invoke(Method.java:498) ~[na:1.8.0_222]
	at org.springframework.web.method.support.InvocableHandlerMethod.doInvoke(InvocableHandlerMethod.java:190) ~[spring-web-5.2.1.RELEASE.jar:5.2.1.RELEASE]
	at org.springframework.web.method.support.InvocableHandlerMethod.invokeForRequest(InvocableHandlerMethod.java:138) ~[spring-web-5.2.1.RELEASE.jar:5.2.1.RELEASE]
	at org.springframework.web.servlet.mvc.method.annotation.ServletInvocableHandlerMethod.invokeAndHandle(ServletInvocableHandlerMethod.java:106) ~[spring-webmvc-5.2.1.RELEASE.jar:5.2.1.RELEASE]
	at org.springframework.web.servlet.mvc.method.annotation.RequestMappingHandlerAdapter.invokeHandlerMethod(RequestMappingHandlerAdapter.java:888) ~[spring-webmvc-5.2.1.RELEASE.jar:5.2.1.RELEASE]
	at org.springframework.web.servlet.mvc.method.annotation.RequestMappingHandlerAdapter.handleInternal(RequestMappingHandlerAdapter.java:793) ~[spring-webmvc-5.2.1.RELEASE.jar:5.2.1.RELEASE]
	at org.springframework.web.servlet.mvc.method.AbstractHandlerMethodAdapter.handle(AbstractHandlerMethodAdapter.java:87) ~[spring-webmvc-5.2.1.RELEASE.jar:5.2.1.RELEASE]
	at org.springframework.web.servlet.DispatcherServlet.doDispatch(DispatcherServlet.java:1040) ~[spring-webmvc-5.2.1.RELEASE.jar:5.2.1.RELEASE]
	at org.springframework.web.servlet.DispatcherServlet.doService(DispatcherServlet.java:943) ~[spring-webmvc-5.2.1.RELEASE.jar:5.2.1.RELEASE]
	at org.springframework.web.servlet.FrameworkServlet.processRequest(FrameworkServlet.java:1006) ~[spring-webmvc-5.2.1.RELEASE.jar:5.2.1.RELEASE]
	at org.springframework.web.servlet.FrameworkServlet.doPost(FrameworkServlet.java:909) ~[spring-webmvc-5.2.1.RELEASE.jar:5.2.1.RELEASE]
	at javax.servlet.http.HttpServlet.service(HttpServlet.java:660) ~[tomcat-embed-core-9.0.27.jar:9.0.27]
	at org.springframework.web.servlet.FrameworkServlet.service(FrameworkServlet.java:883) ~[spring-webmvc-5.2.1.RELEASE.jar:5.2.1.RELEASE]
	at javax.servlet.http.HttpServlet.service(HttpServlet.java:741) ~[tomcat-embed-core-9.0.27.jar:9.0.27]
	at org.apache.catalina.core.ApplicationFilterChain.internalDoFilter(ApplicationFilterChain.java:231) ~[tomcat-embed-core-9.0.27.jar:9.0.27]
	at org.apache.catalina.core.ApplicationFilterChain.doFilter(ApplicationFilterChain.java:166) ~[tomcat-embed-core-9.0.27.jar:9.0.27]
	at org.apache.tomcat.websocket.server.WsFilter.doFilter(WsFilter.java:53) ~[tomcat-embed-websocket-9.0.27.jar:9.0.27]
	at org.apache.catalina.core.ApplicationFilterChain.internalDoFilter(ApplicationFilterChain.java:193) ~[tomcat-embed-core-9.0.27.jar:9.0.27]
	at org.apache.catalina.core.ApplicationFilterChain.doFilter(ApplicationFilterChain.java:166) ~[tomcat-embed-core-9.0.27.jar:9.0.27]
	at org.springframework.web.filter.RequestContextFilter.doFilterInternal(RequestContextFilter.java:100) ~[spring-web-5.2.1.RELEASE.jar:5.2.1.RELEASE]
	at org.springframework.web.filter.OncePerRequestFilter.doFilter(OncePerRequestFilter.java:119) ~[spring-web-5.2.1.RELEASE.jar:5.2.1.RELEASE]
	at org.apache.catalina.core.ApplicationFilterChain.internalDoFilter(ApplicationFilterChain.java:193) ~[tomcat-embed-core-9.0.27.jar:9.0.27]
	at org.apache.catalina.core.ApplicationFilterChain.doFilter(ApplicationFilterChain.java:166) ~[tomcat-embed-core-9.0.27.jar:9.0.27]
	at org.springframework.web.filter.FormContentFilter.doFilterInternal(FormContentFilter.java:93) ~[spring-web-5.2.1.RELEASE.jar:5.2.1.RELEASE]
	at org.springframework.web.filter.OncePerRequestFilter.doFilter(OncePerRequestFilter.java:119) ~[spring-web-5.2.1.RELEASE.jar:5.2.1.RELEASE]
	at org.apache.catalina.core.ApplicationFilterChain.internalDoFilter(ApplicationFilterChain.java:193) ~[tomcat-embed-core-9.0.27.jar:9.0.27]
	at org.apache.catalina.core.ApplicationFilterChain.doFilter(ApplicationFilterChain.java:166) ~[tomcat-embed-core-9.0.27.jar:9.0.27]
	at org.springframework.web.filter.CharacterEncodingFilter.doFilterInternal(CharacterEncodingFilter.java:201) ~[spring-web-5.2.1.RELEASE.jar:5.2.1.RELEASE]
	at org.springframework.web.filter.OncePerRequestFilter.doFilter(OncePerRequestFilter.java:119) ~[spring-web-5.2.1.RELEASE.jar:5.2.1.RELEASE]
	at org.apache.catalina.core.ApplicationFilterChain.internalDoFilter(ApplicationFilterChain.java:193) ~[tomcat-embed-core-9.0.27.jar:9.0.27]
	at org.apache.catalina.core.ApplicationFilterChain.doFilter(ApplicationFilterChain.java:166) ~[tomcat-embed-core-9.0.27.jar:9.0.27]
	at org.apache.catalina.core.StandardWrapperValve.invoke(StandardWrapperValve.java:202) ~[tomcat-embed-core-9.0.27.jar:9.0.27]
	at org.apache.catalina.core.StandardContextValve.invoke(StandardContextValve.java:96) [tomcat-embed-core-9.0.27.jar:9.0.27]
	at org.apache.catalina.authenticator.AuthenticatorBase.invoke(AuthenticatorBase.java:526) [tomcat-embed-core-9.0.27.jar:9.0.27]
	at org.apache.catalina.core.StandardHostValve.invoke(StandardHostValve.java:139) [tomcat-embed-core-9.0.27.jar:9.0.27]
	at org.apache.catalina.valves.ErrorReportValve.invoke(ErrorReportValve.java:92) [tomcat-embed-core-9.0.27.jar:9.0.27]
	at org.apache.catalina.core.StandardEngineValve.invoke(StandardEngineValve.java:74) [tomcat-embed-core-9.0.27.jar:9.0.27]
	at org.apache.catalina.connector.CoyoteAdapter.service(CoyoteAdapter.java:343) [tomcat-embed-core-9.0.27.jar:9.0.27]
	at org.apache.coyote.http11.Http11Processor.service(Http11Processor.java:408) [tomcat-embed-core-9.0.27.jar:9.0.27]
	at org.apache.coyote.AbstractProcessorLight.process(AbstractProcessorLight.java:66) [tomcat-embed-core-9.0.27.jar:9.0.27]
	at org.apache.coyote.AbstractProtocol$ConnectionHandler.process(AbstractProtocol.java:861) [tomcat-embed-core-9.0.27.jar:9.0.27]
	at org.apache.tomcat.util.net.NioEndpoint$SocketProcessor.doRun(NioEndpoint.java:1579) [tomcat-embed-core-9.0.27.jar:9.0.27]
	at org.apache.tomcat.util.net.SocketProcessorBase.run(SocketProcessorBase.java:49) [tomcat-embed-core-9.0.27.jar:9.0.27]
	at java.util.concurrent.ThreadPoolExecutor.runWorker(ThreadPoolExecutor.java:1149) [na:1.8.0_222]
	at java.util.concurrent.ThreadPoolExecutor$Worker.run(ThreadPoolExecutor.java:624) [na:1.8.0_222]
	at org.apache.tomcat.util.threads.TaskThread$WrappingRunnable.run(TaskThread.java:61) [tomcat-embed-core-9.0.27.jar:9.0.27]
	at java.lang.Thread.run(Thread.java:748) [na:1.8.0_222]

2019-12-17 09:14:31.219  INFO 5321 --- [Thread-6] o.s.a.r.l.SimpleMessageListenerContainer : Waiting for workers to finish.
2019-12-17 09:14:31.620  INFO 5321 --- [Thread-6] o.s.a.r.l.SimpleMessageListenerContainer : Successfully waited for workers to finish.
2019-12-17 09:14:31.625  INFO 5321 --- [Thread-6] o.s.s.concurrent.ThreadPoolTaskExecutor  : Shutting down ExecutorService 'applicationTaskExecutor'
2019-12-17 09:14:31.636  INFO 5321 --- [Thread-6] o.s.a.r.l.SimpleMessageListenerContainer : Shutdown ignored - container is not active already
2019-12-17 09:14:31.676  INFO 5321 --- [Thread-6] org.mongodb.driver.connection            : Closed connection [connectionId{localValue:2, serverValue:6}] to localhost:27017 because the pool has been closed.
2019-12-17 09:14:32.423  INFO 5321 --- [restartedMain] c.b.fundoonote.FundooNoteApplication     : Starting FundooNoteApplication on admin1-LIVA-Z2V with PID 5321 (/home/admin1/Desktop/SpringWorkSpace/FundooNote/target/classes started by admin1 in /home/admin1/Desktop/SpringWorkSpace/FundooNote)
2019-12-17 09:14:32.424  INFO 5321 --- [restartedMain] c.b.fundoonote.FundooNoteApplication     : No active profile set, falling back to default profiles: default
2019-12-17 09:14:33.141  INFO 5321 --- [restartedMain] .s.d.r.c.RepositoryConfigurationDelegate : Multiple Spring Data modules found, entering strict repository configuration mode!
2019-12-17 09:14:33.142  INFO 5321 --- [restartedMain] .s.d.r.c.RepositoryConfigurationDelegate : Bootstrapping Spring Data repositories in DEFAULT mode.
2019-12-17 09:14:33.144  INFO 5321 --- [restartedMain] .s.d.r.c.RepositoryConfigurationDelegate : Finished Spring Data repository scanning in 1ms. Found 0 repository interfaces.
2019-12-17 09:14:33.214  INFO 5321 --- [restartedMain] .s.d.r.c.RepositoryConfigurationDelegate : Multiple Spring Data modules found, entering strict repository configuration mode!
2019-12-17 09:14:33.214  INFO 5321 --- [restartedMain] .s.d.r.c.RepositoryConfigurationDelegate : Bootstrapping Spring Data repositories in DEFAULT mode.
2019-12-17 09:14:33.230  INFO 5321 --- [restartedMain] .s.d.r.c.RepositoryConfigurationDelegate : Finished Spring Data repository scanning in 16ms. Found 3 repository interfaces.
2019-12-17 09:14:33.234  INFO 5321 --- [restartedMain] .s.d.r.c.RepositoryConfigurationDelegate : Multiple Spring Data modules found, entering strict repository configuration mode!
2019-12-17 09:14:33.234  INFO 5321 --- [restartedMain] .s.d.r.c.RepositoryConfigurationDelegate : Bootstrapping Spring Data repositories in DEFAULT mode.
2019-12-17 09:14:33.240  INFO 5321 --- [restartedMain] .RepositoryConfigurationExtensionSupport : Spring Data Redis - Could not safely identify store assignment for repository candidate interface com.bridgelabz.fundoonote.label.repository.LabelRepository. If you want this repository to be a Redis repository, consider annotating your entities with one of these annotations: org.springframework.data.redis.core.RedisHash (preferred), or consider extending one of the following types with your repository: org.springframework.data.keyvalue.repository.KeyValueRepository.
2019-12-17 09:14:33.241  INFO 5321 --- [restartedMain] .RepositoryConfigurationExtensionSupport : Spring Data Redis - Could not safely identify store assignment for repository candidate interface com.bridgelabz.fundoonote.note.repository.NoteRepository. If you want this repository to be a Redis repository, consider annotating your entities with one of these annotations: org.springframework.data.redis.core.RedisHash (preferred), or consider extending one of the following types with your repository: org.springframework.data.keyvalue.repository.KeyValueRepository.
2019-12-17 09:14:33.241  INFO 5321 --- [restartedMain] .RepositoryConfigurationExtensionSupport : Spring Data Redis - Could not safely identify store assignment for repository candidate interface com.bridgelabz.fundoonote.repository.UserRepository. If you want this repository to be a Redis repository, consider annotating your entities with one of these annotations: org.springframework.data.redis.core.RedisHash (preferred), or consider extending one of the following types with your repository: org.springframework.data.keyvalue.repository.KeyValueRepository.
2019-12-17 09:14:33.241  INFO 5321 --- [restartedMain] .s.d.r.c.RepositoryConfigurationDelegate : Finished Spring Data repository scanning in 6ms. Found 0 repository interfaces.
2019-12-17 09:14:33.384  WARN 5321 --- [restartedMain] org.apache.tomcat.util.modeler.Registry  : The MBean registry cannot be disabled because it has already been initialised
2019-12-17 09:14:33.424  INFO 5321 --- [restartedMain] o.s.b.w.embedded.tomcat.TomcatWebServer  : Tomcat initialized with port(s): 1234 (http)
2019-12-17 09:14:33.425  INFO 5321 --- [restartedMain] o.apache.catalina.core.StandardService   : Starting service [Tomcat]
2019-12-17 09:14:33.426  INFO 5321 --- [restartedMain] org.apache.catalina.core.StandardEngine  : Starting Servlet engine: [Apache Tomcat/9.0.27]
2019-12-17 09:14:33.443  INFO 5321 --- [restartedMain] o.a.c.c.C.[Tomcat].[localhost].[/]       : Initializing Spring embedded WebApplicationContext
2019-12-17 09:14:33.444  INFO 5321 --- [restartedMain] o.s.web.context.ContextLoader            : Root WebApplicationContext: initialization completed in 1006 ms
2019-12-17 09:14:33.532  INFO 5321 --- [restartedMain] org.mongodb.driver.cluster               : Cluster created with settings {hosts=[localhost:27017], mode=MULTIPLE, requiredClusterType=UNKNOWN, serverSelectionTimeout='30000 ms', maxWaitQueueSize=500}
2019-12-17 09:14:33.533  INFO 5321 --- [restartedMain] org.mongodb.driver.cluster               : Adding discovered server localhost:27017 to client view of cluster
2019-12-17 09:14:33.550  WARN 5321 --- [restartedMain] o.s.data.convert.CustomConversions       : Registering converter from class java.time.LocalDateTime to class java.time.Instant as reading converter although it doesn't convert from a store-supported type! You might wanna check you annotation setup at the converter implementation.
2019-12-17 09:14:33.554  WARN 5321 --- [restartedMain] o.s.data.convert.CustomConversions       : Registering converter from class java.time.Instant to class java.time.LocalDateTime as reading converter although it doesn't convert from a store-supported type! You might wanna check you annotation setup at the converter implementation.
2019-12-17 09:14:33.550  INFO 5321 --- [cluster-ClusterId{value='5df84f21da8b6736c5e4f973', description='null'}-localhost:27017] org.mongodb.driver.connection            : Opened connection [connectionId{localValue:3, serverValue:7}] to localhost:27017
2019-12-17 09:14:33.561  INFO 5321 --- [cluster-ClusterId{value='5df84f21da8b6736c5e4f973', description='null'}-localhost:27017] org.mongodb.driver.cluster               : Monitor thread successfully connected to server with description ServerDescription{address=localhost:27017, type=STANDALONE, state=CONNECTED, ok=true, version=ServerVersion{versionList=[3, 6, 3]}, minWireVersion=0, maxWireVersion=6, maxDocumentSize=16777216, logicalSessionTimeoutMinutes=30, roundTripTimeNanos=4919824}
2019-12-17 09:14:33.562  INFO 5321 --- [cluster-ClusterId{value='5df84f21da8b6736c5e4f973', description='null'}-localhost:27017] org.mongodb.driver.cluster               : Discovered cluster type of STANDALONE
2019-12-17 09:14:33.568  WARN 5321 --- [restartedMain] o.s.data.convert.CustomConversions       : Registering converter from class java.time.LocalDateTime to class java.time.Instant as reading converter although it doesn't convert from a store-supported type! You might wanna check you annotation setup at the converter implementation.
2019-12-17 09:14:33.568  WARN 5321 --- [restartedMain] o.s.data.convert.CustomConversions       : Registering converter from class java.time.Instant to class java.time.LocalDateTime as reading converter although it doesn't convert from a store-supported type! You might wanna check you annotation setup at the converter implementation.
2019-12-17 09:14:33.707  INFO 5321 --- [restartedMain] o.s.b.d.a.OptionalLiveReloadServer       : LiveReload server is running on port 35729
2019-12-17 09:14:34.478  INFO 5321 --- [restartedMain] o.s.s.concurrent.ThreadPoolTaskExecutor  : Initializing ExecutorService 'applicationTaskExecutor'
2019-12-17 09:14:34.543  WARN 5321 --- [restartedMain] ion$DefaultTemplateResolverConfiguration : Cannot find template location: classpath:/templates/ (please add some templates or check your Thymeleaf configuration)
2019-12-17 09:14:34.662  INFO 5321 --- [restartedMain] d.s.w.p.DocumentationPluginsBootstrapper : Context refreshed
2019-12-17 09:14:34.663  INFO 5321 --- [restartedMain] d.s.w.p.DocumentationPluginsBootstrapper : Found 1 custom documentation plugin(s)
2019-12-17 09:14:34.668  INFO 5321 --- [restartedMain] s.d.s.w.s.ApiListingReferenceScanner     : Scanning for api listing references
2019-12-17 09:14:34.779  INFO 5321 --- [restartedMain] .d.s.w.r.o.CachingOperationNameGenerator : Generating unique operation named: addNoteUsingPOST_1
2019-12-17 09:14:35.505  INFO 5321 --- [restartedMain] o.s.a.r.c.CachingConnectionFactory       : Attempting to connect to: [localhost:5672]
2019-12-17 09:14:35.527  INFO 5321 --- [restartedMain] o.s.a.r.c.CachingConnectionFactory       : Created new connection: rabbitConnectionFactory#6e64efa9:0/SimpleConnection@2bf2d28f [delegate=amqp://guest@127.0.0.1:5672/, localPort= 55634]
2019-12-17 09:14:35.529  INFO 5321 --- [restartedMain] o.s.amqp.rabbit.core.RabbitAdmin         : Auto-declaring a non-durable, auto-delete, or exclusive Queue (userMessageQueue) durable:false, auto-delete:false, exclusive:false. It will be redeclared if the broker stops and is restarted while the connection factory is alive, but all messages will be lost.
2019-12-17 09:14:35.590  INFO 5321 --- [restartedMain] o.s.b.w.embedded.tomcat.TomcatWebServer  : Tomcat started on port(s): 1234 (http) with context path ''
2019-12-17 09:14:35.591  INFO 5321 --- [restartedMain] c.b.fundoonote.FundooNoteApplication     : Started FundooNoteApplication in 3.292 seconds (JVM running for 181.372)
2019-12-17 09:14:35.595  INFO 5321 --- [restartedMain] .ConditionEvaluationDeltaLoggingListener : Condition evaluation unchanged
2019-12-17 09:14:40.093  INFO 5321 --- [Thread-10] o.s.a.r.l.SimpleMessageListenerContainer : Waiting for workers to finish.
2019-12-17 09:14:40.582  INFO 5321 --- [Thread-10] o.s.a.r.l.SimpleMessageListenerContainer : Successfully waited for workers to finish.
2019-12-17 09:14:40.584  INFO 5321 --- [Thread-10] o.s.s.concurrent.ThreadPoolTaskExecutor  : Shutting down ExecutorService 'applicationTaskExecutor'
2019-12-17 09:14:40.588  INFO 5321 --- [Thread-10] o.s.a.r.l.SimpleMessageListenerContainer : Shutdown ignored - container is not active already
2019-12-17 09:14:41.036  INFO 5321 --- [restartedMain] c.b.fundoonote.FundooNoteApplication     : Starting FundooNoteApplication on admin1-LIVA-Z2V with PID 5321 (/home/admin1/Desktop/SpringWorkSpace/FundooNote/target/classes started by admin1 in /home/admin1/Desktop/SpringWorkSpace/FundooNote)
2019-12-17 09:14:41.039  INFO 5321 --- [restartedMain] c.b.fundoonote.FundooNoteApplication     : No active profile set, falling back to default profiles: default
2019-12-17 09:14:41.448  INFO 5321 --- [restartedMain] .s.d.r.c.RepositoryConfigurationDelegate : Multiple Spring Data modules found, entering strict repository configuration mode!
2019-12-17 09:14:41.449  INFO 5321 --- [restartedMain] .s.d.r.c.RepositoryConfigurationDelegate : Bootstrapping Spring Data repositories in DEFAULT mode.
2019-12-17 09:14:41.451  INFO 5321 --- [restartedMain] .s.d.r.c.RepositoryConfigurationDelegate : Finished Spring Data repository scanning in 1ms. Found 0 repository interfaces.
2019-12-17 09:14:41.524  INFO 5321 --- [restartedMain] .s.d.r.c.RepositoryConfigurationDelegate : Multiple Spring Data modules found, entering strict repository configuration mode!
2019-12-17 09:14:41.524  INFO 5321 --- [restartedMain] .s.d.r.c.RepositoryConfigurationDelegate : Bootstrapping Spring Data repositories in DEFAULT mode.
2019-12-17 09:14:41.542  INFO 5321 --- [restartedMain] .s.d.r.c.RepositoryConfigurationDelegate : Finished Spring Data repository scanning in 17ms. Found 3 repository interfaces.
2019-12-17 09:14:41.546  INFO 5321 --- [restartedMain] .s.d.r.c.RepositoryConfigurationDelegate : Multiple Spring Data modules found, entering strict repository configuration mode!
2019-12-17 09:14:41.546  INFO 5321 --- [restartedMain] .s.d.r.c.RepositoryConfigurationDelegate : Bootstrapping Spring Data repositories in DEFAULT mode.
2019-12-17 09:14:41.552  INFO 5321 --- [restartedMain] .RepositoryConfigurationExtensionSupport : Spring Data Redis - Could not safely identify store assignment for repository candidate interface com.bridgelabz.fundoonote.label.repository.LabelRepository. If you want this repository to be a Redis repository, consider annotating your entities with one of these annotations: org.springframework.data.redis.core.RedisHash (preferred), or consider extending one of the following types with your repository: org.springframework.data.keyvalue.repository.KeyValueRepository.
2019-12-17 09:14:41.552  INFO 5321 --- [restartedMain] .RepositoryConfigurationExtensionSupport : Spring Data Redis - Could not safely identify store assignment for repository candidate interface com.bridgelabz.fundoonote.note.repository.NoteRepository. If you want this repository to be a Redis repository, consider annotating your entities with one of these annotations: org.springframework.data.redis.core.RedisHash (preferred), or consider extending one of the following types with your repository: org.springframework.data.keyvalue.repository.KeyValueRepository.
2019-12-17 09:14:41.553  INFO 5321 --- [restartedMain] .RepositoryConfigurationExtensionSupport : Spring Data Redis - Could not safely identify store assignment for repository candidate interface com.bridgelabz.fundoonote.repository.UserRepository. If you want this repository to be a Redis repository, consider annotating your entities with one of these annotations: org.springframework.data.redis.core.RedisHash (preferred), or consider extending one of the following types with your repository: org.springframework.data.keyvalue.repository.KeyValueRepository.
2019-12-17 09:14:41.553  INFO 5321 --- [restartedMain] .s.d.r.c.RepositoryConfigurationDelegate : Finished Spring Data repository scanning in 6ms. Found 0 repository interfaces.
2019-12-17 09:14:41.777  WARN 5321 --- [restartedMain] org.apache.tomcat.util.modeler.Registry  : The MBean registry cannot be disabled because it has already been initialised
2019-12-17 09:14:41.819  INFO 5321 --- [restartedMain] o.s.b.w.embedded.tomcat.TomcatWebServer  : Tomcat initialized with port(s): 1234 (http)
2019-12-17 09:14:41.820  INFO 5321 --- [restartedMain] o.apache.catalina.core.StandardService   : Starting service [Tomcat]
2019-12-17 09:14:41.820  INFO 5321 --- [restartedMain] org.apache.catalina.core.StandardEngine  : Starting Servlet engine: [Apache Tomcat/9.0.27]
2019-12-17 09:14:41.834  INFO 5321 --- [restartedMain] o.a.c.c.C.[Tomcat].[localhost].[/]       : Initializing Spring embedded WebApplicationContext
2019-12-17 09:14:41.834  INFO 5321 --- [restartedMain] o.s.web.context.ContextLoader            : Root WebApplicationContext: initialization completed in 789 ms
2019-12-17 09:14:41.893  INFO 5321 --- [restartedMain] org.mongodb.driver.cluster               : Cluster created with settings {hosts=[localhost:27017], mode=MULTIPLE, requiredClusterType=UNKNOWN, serverSelectionTimeout='30000 ms', maxWaitQueueSize=500}
2019-12-17 09:14:41.893  INFO 5321 --- [restartedMain] org.mongodb.driver.cluster               : Adding discovered server localhost:27017 to client view of cluster
2019-12-17 09:14:41.902  INFO 5321 --- [cluster-ClusterId{value='5df84f29da8b6736c5e4f974', description='null'}-localhost:27017] org.mongodb.driver.connection            : Opened connection [connectionId{localValue:4, serverValue:8}] to localhost:27017
2019-12-17 09:14:41.913  INFO 5321 --- [cluster-ClusterId{value='5df84f29da8b6736c5e4f974', description='null'}-localhost:27017] org.mongodb.driver.cluster               : Monitor thread successfully connected to server with description ServerDescription{address=localhost:27017, type=STANDALONE, state=CONNECTED, ok=true, version=ServerVersion{versionList=[3, 6, 3]}, minWireVersion=0, maxWireVersion=6, maxDocumentSize=16777216, logicalSessionTimeoutMinutes=30, roundTripTimeNanos=778806}
2019-12-17 09:14:41.918  INFO 5321 --- [cluster-ClusterId{value='5df84f29da8b6736c5e4f974', description='null'}-localhost:27017] org.mongodb.driver.cluster               : Discovered cluster type of STANDALONE
2019-12-17 09:14:41.920  WARN 5321 --- [restartedMain] o.s.data.convert.CustomConversions       : Registering converter from class java.time.LocalDateTime to class java.time.Instant as reading converter although it doesn't convert from a store-supported type! You might wanna check you annotation setup at the converter implementation.
2019-12-17 09:14:41.921  WARN 5321 --- [restartedMain] o.s.data.convert.CustomConversions       : Registering converter from class java.time.Instant to class java.time.LocalDateTime as reading converter although it doesn't convert from a store-supported type! You might wanna check you annotation setup at the converter implementation.
2019-12-17 09:14:41.930  WARN 5321 --- [restartedMain] o.s.data.convert.CustomConversions       : Registering converter from class java.time.LocalDateTime to class java.time.Instant as reading converter although it doesn't convert from a store-supported type! You might wanna check you annotation setup at the converter implementation.
2019-12-17 09:14:41.930  WARN 5321 --- [restartedMain] o.s.data.convert.CustomConversions       : Registering converter from class java.time.Instant to class java.time.LocalDateTime as reading converter although it doesn't convert from a store-supported type! You might wanna check you annotation setup at the converter implementation.
2019-12-17 09:14:41.976  INFO 5321 --- [restartedMain] o.s.b.d.a.OptionalLiveReloadServer       : LiveReload server is running on port 35729
2019-12-17 09:14:42.631  INFO 5321 --- [restartedMain] o.s.s.concurrent.ThreadPoolTaskExecutor  : Initializing ExecutorService 'applicationTaskExecutor'
2019-12-17 09:14:42.738  WARN 5321 --- [restartedMain] ion$DefaultTemplateResolverConfiguration : Cannot find template location: classpath:/templates/ (please add some templates or check your Thymeleaf configuration)
2019-12-17 09:14:42.994  INFO 5321 --- [restartedMain] d.s.w.p.DocumentationPluginsBootstrapper : Context refreshed
2019-12-17 09:14:43.002  INFO 5321 --- [restartedMain] d.s.w.p.DocumentationPluginsBootstrapper : Found 1 custom documentation plugin(s)
2019-12-17 09:14:43.015  INFO 5321 --- [restartedMain] s.d.s.w.s.ApiListingReferenceScanner     : Scanning for api listing references
2019-12-17 09:14:43.179  INFO 5321 --- [restartedMain] .d.s.w.r.o.CachingOperationNameGenerator : Generating unique operation named: addNoteUsingPOST_1
2019-12-17 09:14:43.888  INFO 5321 --- [restartedMain] o.s.a.r.c.CachingConnectionFactory       : Attempting to connect to: [localhost:5672]
2019-12-17 09:14:43.912  INFO 5321 --- [restartedMain] o.s.a.r.c.CachingConnectionFactory       : Created new connection: rabbitConnectionFactory#29c7e2d2:0/SimpleConnection@ab37b4d [delegate=amqp://guest@127.0.0.1:5672/, localPort= 55646]
2019-12-17 09:14:43.914  INFO 5321 --- [restartedMain] o.s.amqp.rabbit.core.RabbitAdmin         : Auto-declaring a non-durable, auto-delete, or exclusive Queue (userMessageQueue) durable:false, auto-delete:false, exclusive:false. It will be redeclared if the broker stops and is restarted while the connection factory is alive, but all messages will be lost.
2019-12-17 09:14:43.972  INFO 5321 --- [RMI TCP Connection(4)-127.0.0.1] inMXBeanRegistrar$SpringApplicationAdmin : Application shutdown requested.
2019-12-17 09:14:43.978  INFO 5321 --- [restartedMain] o.s.b.w.embedded.tomcat.TomcatWebServer  : Tomcat started on port(s): 1234 (http) with context path ''
2019-12-17 09:14:43.979  INFO 5321 --- [restartedMain] c.b.fundoonote.FundooNoteApplication     : Started FundooNoteApplication in 3.033 seconds (JVM running for 189.759)
2019-12-17 09:14:43.994  INFO 5321 --- [restartedMain] .ConditionEvaluationDeltaLoggingListener : Condition evaluation unchanged
2019-12-17 09:14:44.004  INFO 5321 --- [RMI TCP Connection(4)-127.0.0.1] o.s.a.r.l.SimpleMessageListenerContainer : Waiting for workers to finish.
2019-12-17 09:14:44.967  INFO 5321 --- [RMI TCP Connection(4)-127.0.0.1] o.s.a.r.l.SimpleMessageListenerContainer : Successfully waited for workers to finish.
2019-12-17 09:14:44.970  INFO 5321 --- [RMI TCP Connection(4)-127.0.0.1] o.s.s.concurrent.ThreadPoolTaskExecutor  : Shutting down ExecutorService 'applicationTaskExecutor'
2019-12-17 09:14:44.973  INFO 5321 --- [RMI TCP Connection(4)-127.0.0.1] o.s.a.r.l.SimpleMessageListenerContainer : Shutdown ignored - container is not active already
2019-12-17 09:14:50.545  INFO 6039 --- [restartedMain] c.b.fundoonote.FundooNoteApplication     : Starting FundooNoteApplication on admin1-LIVA-Z2V with PID 6039 (/home/admin1/Desktop/SpringWorkSpace/FundooNote/target/classes started by admin1 in /home/admin1/Desktop/SpringWorkSpace/FundooNote)
2019-12-17 09:14:50.562  INFO 6039 --- [restartedMain] c.b.fundoonote.FundooNoteApplication     : No active profile set, falling back to default profiles: default
2019-12-17 09:14:51.169  INFO 6039 --- [restartedMain] o.s.b.devtools.restart.ChangeableUrls    : The Class-Path manifest attribute in /home/admin1/.m2/repository/com/sun/xml/bind/jaxb-osgi/2.2.10/jaxb-osgi-2.2.10.jar referenced one or more files that do not exist: file:/home/admin1/.m2/repository/com/sun/xml/bind/jaxb-osgi/2.2.10/jaxb-core-2.2.10.jar,file:/home/admin1/.m2/repository/com/sun/xml/bind/jaxb-osgi/2.2.10/jaxb-xjc-2.2.10.jar,file:/home/admin1/.m2/repository/com/sun/xml/bind/jaxb-osgi/2.2.10/jaxb-impl-2.2.10.jar,file:/home/admin1/.m2/repository/com/sun/xml/bind/jaxb-osgi/2.2.10/jaxb-jxc-2.2.10.jar,file:/home/admin1/.m2/repository/com/sun/xml/bind/jaxb-osgi/2.2.10/jaxb1-impl-2.2.10.jar,file:/home/admin1/.m2/repository/com/sun/xml/bind/jaxb-osgi/2.2.10/jaxb-runtime-2.2.10.jar,file:/home/admin1/.m2/repository/com/sun/xml/bind/jaxb-osgi/2.2.10/jaxb-core-2.2.10.jar,file:/home/admin1/.m2/repository/com/sun/xml/bind/jaxb-osgi/2.2.10/jaxb-api-2.2.12-b140109.1041.jar,file:/home/admin1/.m2/repository/com/sun/xml/bind/jaxb-osgi/2.2.10/txw2-2.2.10.jar,file:/home/admin1/.m2/repository/com/sun/xml/bind/jaxb-osgi/2.2.10/istack-commons-runtime-2.19.jar,file:/home/admin1/.m2/repository/com/sun/xml/bind/jaxb-osgi/2.2.10/stax-ex-1.7.7.jar,file:/home/admin1/.m2/repository/com/sun/xml/bind/jaxb-osgi/2.2.10/FastInfoset-1.2.13.jar,file:/home/admin1/.m2/repository/com/sun/xml/bind/jaxb-osgi/2.2.10/msv-core-2013.6.1.jar,file:/home/admin1/.m2/repository/com/sun/xml/bind/jaxb-osgi/2.2.10/xsdlib-2013.6.1.jar,file:/home/admin1/.m2/repository/com/sun/xml/bind/jaxb-osgi/2.2.10/relaxngDatatype-20020414.jar,file:/home/admin1/.m2/repository/com/sun/xml/bind/jaxb-osgi/2.2.10/isorelax-20090621.jar
2019-12-17 09:14:51.170  INFO 6039 --- [restartedMain] .e.DevToolsPropertyDefaultsPostProcessor : Devtools property defaults active! Set 'spring.devtools.add-properties' to 'false' to disable
2019-12-17 09:14:51.170  INFO 6039 --- [restartedMain] .e.DevToolsPropertyDefaultsPostProcessor : For additional web related logging consider setting the 'logging.level.web' property to 'DEBUG'
2019-12-17 09:14:52.496  INFO 6039 --- [restartedMain] .s.d.r.c.RepositoryConfigurationDelegate : Multiple Spring Data modules found, entering strict repository configuration mode!
2019-12-17 09:14:52.498  INFO 6039 --- [restartedMain] .s.d.r.c.RepositoryConfigurationDelegate : Bootstrapping Spring Data repositories in DEFAULT mode.
2019-12-17 09:14:52.538  INFO 6039 --- [restartedMain] .s.d.r.c.RepositoryConfigurationDelegate : Finished Spring Data repository scanning in 14ms. Found 0 repository interfaces.
2019-12-17 09:14:52.960  INFO 6039 --- [restartedMain] .s.d.r.c.RepositoryConfigurationDelegate : Multiple Spring Data modules found, entering strict repository configuration mode!
2019-12-17 09:14:52.961  INFO 6039 --- [restartedMain] .s.d.r.c.RepositoryConfigurationDelegate : Bootstrapping Spring Data repositories in DEFAULT mode.
2019-12-17 09:14:53.044  INFO 6039 --- [restartedMain] .s.d.r.c.RepositoryConfigurationDelegate : Finished Spring Data repository scanning in 82ms. Found 3 repository interfaces.
2019-12-17 09:14:53.056  INFO 6039 --- [restartedMain] .s.d.r.c.RepositoryConfigurationDelegate : Multiple Spring Data modules found, entering strict repository configuration mode!
2019-12-17 09:14:53.057  INFO 6039 --- [restartedMain] .s.d.r.c.RepositoryConfigurationDelegate : Bootstrapping Spring Data repositories in DEFAULT mode.
2019-12-17 09:14:53.068  INFO 6039 --- [restartedMain] .RepositoryConfigurationExtensionSupport : Spring Data Redis - Could not safely identify store assignment for repository candidate interface com.bridgelabz.fundoonote.label.repository.LabelRepository. If you want this repository to be a Redis repository, consider annotating your entities with one of these annotations: org.springframework.data.redis.core.RedisHash (preferred), or consider extending one of the following types with your repository: org.springframework.data.keyvalue.repository.KeyValueRepository.
2019-12-17 09:14:53.069  INFO 6039 --- [restartedMain] .RepositoryConfigurationExtensionSupport : Spring Data Redis - Could not safely identify store assignment for repository candidate interface com.bridgelabz.fundoonote.note.repository.NoteRepository. If you want this repository to be a Redis repository, consider annotating your entities with one of these annotations: org.springframework.data.redis.core.RedisHash (preferred), or consider extending one of the following types with your repository: org.springframework.data.keyvalue.repository.KeyValueRepository.
2019-12-17 09:14:53.071  INFO 6039 --- [restartedMain] .RepositoryConfigurationExtensionSupport : Spring Data Redis - Could not safely identify store assignment for repository candidate interface com.bridgelabz.fundoonote.repository.UserRepository. If you want this repository to be a Redis repository, consider annotating your entities with one of these annotations: org.springframework.data.redis.core.RedisHash (preferred), or consider extending one of the following types with your repository: org.springframework.data.keyvalue.repository.KeyValueRepository.
2019-12-17 09:14:53.071  INFO 6039 --- [restartedMain] .s.d.r.c.RepositoryConfigurationDelegate : Finished Spring Data repository scanning in 13ms. Found 0 repository interfaces.
2019-12-17 09:14:54.178  INFO 6039 --- [restartedMain] o.s.b.w.embedded.tomcat.TomcatWebServer  : Tomcat initialized with port(s): 1234 (http)
2019-12-17 09:14:54.189  INFO 6039 --- [restartedMain] o.apache.catalina.core.StandardService   : Starting service [Tomcat]
2019-12-17 09:14:54.191  INFO 6039 --- [restartedMain] org.apache.catalina.core.StandardEngine  : Starting Servlet engine: [Apache Tomcat/9.0.27]
2019-12-17 09:14:54.492  INFO 6039 --- [restartedMain] o.a.c.c.C.[Tomcat].[localhost].[/]       : Initializing Spring embedded WebApplicationContext
2019-12-17 09:14:54.493  INFO 6039 --- [restartedMain] o.s.web.context.ContextLoader            : Root WebApplicationContext: initialization completed in 3322 ms
2019-12-17 09:14:55.288  INFO 6039 --- [restartedMain] org.mongodb.driver.cluster               : Cluster created with settings {hosts=[localhost:27017], mode=MULTIPLE, requiredClusterType=UNKNOWN, serverSelectionTimeout='30000 ms', maxWaitQueueSize=500}
2019-12-17 09:14:55.293  INFO 6039 --- [restartedMain] org.mongodb.driver.cluster               : Adding discovered server localhost:27017 to client view of cluster
2019-12-17 09:14:55.523  INFO 6039 --- [cluster-ClusterId{value='5df84f37cf583b5531aad93e', description='null'}-localhost:27017] org.mongodb.driver.connection            : Opened connection [connectionId{localValue:1, serverValue:9}] to localhost:27017
2019-12-17 09:14:55.583  INFO 6039 --- [cluster-ClusterId{value='5df84f37cf583b5531aad93e', description='null'}-localhost:27017] org.mongodb.driver.cluster               : Monitor thread successfully connected to server with description ServerDescription{address=localhost:27017, type=STANDALONE, state=CONNECTED, ok=true, version=ServerVersion{versionList=[3, 6, 3]}, minWireVersion=0, maxWireVersion=6, maxDocumentSize=16777216, logicalSessionTimeoutMinutes=30, roundTripTimeNanos=20164477}
2019-12-17 09:14:55.597  INFO 6039 --- [cluster-ClusterId{value='5df84f37cf583b5531aad93e', description='null'}-localhost:27017] org.mongodb.driver.cluster               : Discovered cluster type of STANDALONE
2019-12-17 09:14:55.920  WARN 6039 --- [restartedMain] o.s.data.convert.CustomConversions       : Registering converter from class java.time.LocalDateTime to class java.time.Instant as reading converter although it doesn't convert from a store-supported type! You might wanna check you annotation setup at the converter implementation.
2019-12-17 09:14:55.920  WARN 6039 --- [restartedMain] o.s.data.convert.CustomConversions       : Registering converter from class java.time.Instant to class java.time.LocalDateTime as reading converter although it doesn't convert from a store-supported type! You might wanna check you annotation setup at the converter implementation.
2019-12-17 09:14:56.012  WARN 6039 --- [restartedMain] o.s.data.convert.CustomConversions       : Registering converter from class java.time.LocalDateTime to class java.time.Instant as reading converter although it doesn't convert from a store-supported type! You might wanna check you annotation setup at the converter implementation.
2019-12-17 09:14:56.013  WARN 6039 --- [restartedMain] o.s.data.convert.CustomConversions       : Registering converter from class java.time.Instant to class java.time.LocalDateTime as reading converter although it doesn't convert from a store-supported type! You might wanna check you annotation setup at the converter implementation.
2019-12-17 09:14:56.457  INFO 6039 --- [restartedMain] o.s.b.d.a.OptionalLiveReloadServer       : LiveReload server is running on port 35729
2019-12-17 09:14:57.921  INFO 6039 --- [restartedMain] o.s.s.concurrent.ThreadPoolTaskExecutor  : Initializing ExecutorService 'applicationTaskExecutor'
2019-12-17 09:14:58.108  WARN 6039 --- [restartedMain] ion$DefaultTemplateResolverConfiguration : Cannot find template location: classpath:/templates/ (please add some templates or check your Thymeleaf configuration)
2019-12-17 09:14:58.930  INFO 6039 --- [restartedMain] d.s.w.p.DocumentationPluginsBootstrapper : Context refreshed
2019-12-17 09:14:58.955  INFO 6039 --- [restartedMain] d.s.w.p.DocumentationPluginsBootstrapper : Found 1 custom documentation plugin(s)
2019-12-17 09:14:58.983  INFO 6039 --- [restartedMain] s.d.s.w.s.ApiListingReferenceScanner     : Scanning for api listing references
2019-12-17 09:14:59.360  INFO 6039 --- [restartedMain] .d.s.w.r.o.CachingOperationNameGenerator : Generating unique operation named: addNoteUsingPOST_1
2019-12-17 09:14:59.852  INFO 6039 --- [restartedMain] o.s.a.r.c.CachingConnectionFactory       : Attempting to connect to: [localhost:5672]
2019-12-17 09:14:59.920  INFO 6039 --- [restartedMain] o.s.a.r.c.CachingConnectionFactory       : Created new connection: rabbitConnectionFactory#716921f8:0/SimpleConnection@5f79a700 [delegate=amqp://guest@127.0.0.1:5672/, localPort= 55714]
2019-12-17 09:14:59.935  INFO 6039 --- [restartedMain] o.s.amqp.rabbit.core.RabbitAdmin         : Auto-declaring a non-durable, auto-delete, or exclusive Queue (userMessageQueue) durable:false, auto-delete:false, exclusive:false. It will be redeclared if the broker stops and is restarted while the connection factory is alive, but all messages will be lost.
2019-12-17 09:15:00.119  INFO 6039 --- [restartedMain] o.s.b.w.embedded.tomcat.TomcatWebServer  : Tomcat started on port(s): 1234 (http) with context path ''
2019-12-17 09:15:00.135  INFO 6039 --- [restartedMain] c.b.fundoonote.FundooNoteApplication     : Started FundooNoteApplication in 11.094 seconds (JVM running for 13.462)
2019-12-17 09:15:00.492  INFO 6039 --- [http-nio-1234-exec-1] o.a.c.c.C.[Tomcat].[localhost].[/]       : Initializing Spring DispatcherServlet 'dispatcherServlet'
2019-12-17 09:15:00.493  INFO 6039 --- [http-nio-1234-exec-1] o.s.web.servlet.DispatcherServlet        : Initializing Servlet 'dispatcherServlet'
2019-12-17 09:15:00.504  INFO 6039 --- [http-nio-1234-exec-1] o.s.web.servlet.DispatcherServlet        : Completed initialization in 11 ms
2019-12-17 09:15:09.089  INFO 6039 --- [http-nio-1234-exec-8] org.mongodb.driver.connection            : Opened connection [connectionId{localValue:2, serverValue:10}] to localhost:27017
2019-12-17 09:16:08.575  INFO 6039 --- [Thread-6] o.s.a.r.l.SimpleMessageListenerContainer : Waiting for workers to finish.
2019-12-17 09:16:09.086  INFO 6039 --- [Thread-6] o.s.a.r.l.SimpleMessageListenerContainer : Successfully waited for workers to finish.
2019-12-17 09:16:09.096  INFO 6039 --- [Thread-6] o.s.s.concurrent.ThreadPoolTaskExecutor  : Shutting down ExecutorService 'applicationTaskExecutor'
2019-12-17 09:16:09.111  INFO 6039 --- [Thread-6] o.s.a.r.l.SimpleMessageListenerContainer : Shutdown ignored - container is not active already
2019-12-17 09:16:09.183  INFO 6039 --- [Thread-6] org.mongodb.driver.connection            : Closed connection [connectionId{localValue:2, serverValue:10}] to localhost:27017 because the pool has been closed.
2019-12-17 09:16:10.184  INFO 6039 --- [restartedMain] c.b.fundoonote.FundooNoteApplication     : Starting FundooNoteApplication on admin1-LIVA-Z2V with PID 6039 (/home/admin1/Desktop/SpringWorkSpace/FundooNote/target/classes started by admin1 in /home/admin1/Desktop/SpringWorkSpace/FundooNote)
2019-12-17 09:16:10.189  INFO 6039 --- [restartedMain] c.b.fundoonote.FundooNoteApplication     : No active profile set, falling back to default profiles: default
2019-12-17 09:16:10.852  INFO 6039 --- [restartedMain] .s.d.r.c.RepositoryConfigurationDelegate : Multiple Spring Data modules found, entering strict repository configuration mode!
2019-12-17 09:16:10.852  INFO 6039 --- [restartedMain] .s.d.r.c.RepositoryConfigurationDelegate : Bootstrapping Spring Data repositories in DEFAULT mode.
2019-12-17 09:16:10.872  INFO 6039 --- [restartedMain] .s.d.r.c.RepositoryConfigurationDelegate : Finished Spring Data repository scanning in 18ms. Found 0 repository interfaces.
2019-12-17 09:16:11.071  INFO 6039 --- [restartedMain] .s.d.r.c.RepositoryConfigurationDelegate : Multiple Spring Data modules found, entering strict repository configuration mode!
2019-12-17 09:16:11.071  INFO 6039 --- [restartedMain] .s.d.r.c.RepositoryConfigurationDelegate : Bootstrapping Spring Data repositories in DEFAULT mode.
2019-12-17 09:16:11.097  INFO 6039 --- [restartedMain] .s.d.r.c.RepositoryConfigurationDelegate : Finished Spring Data repository scanning in 25ms. Found 3 repository interfaces.
2019-12-17 09:16:11.101  INFO 6039 --- [restartedMain] .s.d.r.c.RepositoryConfigurationDelegate : Multiple Spring Data modules found, entering strict repository configuration mode!
2019-12-17 09:16:11.106  INFO 6039 --- [restartedMain] .s.d.r.c.RepositoryConfigurationDelegate : Bootstrapping Spring Data repositories in DEFAULT mode.
2019-12-17 09:16:11.126  INFO 6039 --- [restartedMain] .RepositoryConfigurationExtensionSupport : Spring Data Redis - Could not safely identify store assignment for repository candidate interface com.bridgelabz.fundoonote.label.repository.LabelRepository. If you want this repository to be a Redis repository, consider annotating your entities with one of these annotations: org.springframework.data.redis.core.RedisHash (preferred), or consider extending one of the following types with your repository: org.springframework.data.keyvalue.repository.KeyValueRepository.
2019-12-17 09:16:11.126  INFO 6039 --- [restartedMain] .RepositoryConfigurationExtensionSupport : Spring Data Redis - Could not safely identify store assignment for repository candidate interface com.bridgelabz.fundoonote.note.repository.NoteRepository. If you want this repository to be a Redis repository, consider annotating your entities with one of these annotations: org.springframework.data.redis.core.RedisHash (preferred), or consider extending one of the following types with your repository: org.springframework.data.keyvalue.repository.KeyValueRepository.
2019-12-17 09:16:11.127  INFO 6039 --- [restartedMain] .RepositoryConfigurationExtensionSupport : Spring Data Redis - Could not safely identify store assignment for repository candidate interface com.bridgelabz.fundoonote.repository.UserRepository. If you want this repository to be a Redis repository, consider annotating your entities with one of these annotations: org.springframework.data.redis.core.RedisHash (preferred), or consider extending one of the following types with your repository: org.springframework.data.keyvalue.repository.KeyValueRepository.
2019-12-17 09:16:11.127  INFO 6039 --- [restartedMain] .s.d.r.c.RepositoryConfigurationDelegate : Finished Spring Data repository scanning in 20ms. Found 0 repository interfaces.
2019-12-17 09:16:11.679  WARN 6039 --- [restartedMain] org.apache.tomcat.util.modeler.Registry  : The MBean registry cannot be disabled because it has already been initialised
2019-12-17 09:16:11.803  INFO 6039 --- [restartedMain] o.s.b.w.embedded.tomcat.TomcatWebServer  : Tomcat initialized with port(s): 1234 (http)
2019-12-17 09:16:11.804  INFO 6039 --- [restartedMain] o.apache.catalina.core.StandardService   : Starting service [Tomcat]
2019-12-17 09:16:11.810  INFO 6039 --- [restartedMain] org.apache.catalina.core.StandardEngine  : Starting Servlet engine: [Apache Tomcat/9.0.27]
2019-12-17 09:16:11.873  INFO 6039 --- [restartedMain] o.a.c.c.C.[Tomcat].[localhost].[/]       : Initializing Spring embedded WebApplicationContext
2019-12-17 09:16:11.877  INFO 6039 --- [restartedMain] o.s.web.context.ContextLoader            : Root WebApplicationContext: initialization completed in 1659 ms
2019-12-17 09:16:12.091  INFO 6039 --- [restartedMain] org.mongodb.driver.cluster               : Cluster created with settings {hosts=[localhost:27017], mode=MULTIPLE, requiredClusterType=UNKNOWN, serverSelectionTimeout='30000 ms', maxWaitQueueSize=500}
2019-12-17 09:16:12.092  INFO 6039 --- [restartedMain] org.mongodb.driver.cluster               : Adding discovered server localhost:27017 to client view of cluster
2019-12-17 09:16:12.105  INFO 6039 --- [cluster-ClusterId{value='5df84f84cf583b5531aad940', description='null'}-localhost:27017] org.mongodb.driver.connection            : Opened connection [connectionId{localValue:3, serverValue:11}] to localhost:27017
2019-12-17 09:16:12.116  INFO 6039 --- [cluster-ClusterId{value='5df84f84cf583b5531aad940', description='null'}-localhost:27017] org.mongodb.driver.cluster               : Monitor thread successfully connected to server with description ServerDescription{address=localhost:27017, type=STANDALONE, state=CONNECTED, ok=true, version=ServerVersion{versionList=[3, 6, 3]}, minWireVersion=0, maxWireVersion=6, maxDocumentSize=16777216, logicalSessionTimeoutMinutes=30, roundTripTimeNanos=806852}
2019-12-17 09:16:12.123  INFO 6039 --- [cluster-ClusterId{value='5df84f84cf583b5531aad940', description='null'}-localhost:27017] org.mongodb.driver.cluster               : Discovered cluster type of STANDALONE
2019-12-17 09:16:12.124  WARN 6039 --- [restartedMain] o.s.data.convert.CustomConversions       : Registering converter from class java.time.LocalDateTime to class java.time.Instant as reading converter although it doesn't convert from a store-supported type! You might wanna check you annotation setup at the converter implementation.
2019-12-17 09:16:12.125  WARN 6039 --- [restartedMain] o.s.data.convert.CustomConversions       : Registering converter from class java.time.Instant to class java.time.LocalDateTime as reading converter although it doesn't convert from a store-supported type! You might wanna check you annotation setup at the converter implementation.
2019-12-17 09:16:12.145  WARN 6039 --- [restartedMain] o.s.data.convert.CustomConversions       : Registering converter from class java.time.LocalDateTime to class java.time.Instant as reading converter although it doesn't convert from a store-supported type! You might wanna check you annotation setup at the converter implementation.
2019-12-17 09:16:12.146  WARN 6039 --- [restartedMain] o.s.data.convert.CustomConversions       : Registering converter from class java.time.Instant to class java.time.LocalDateTime as reading converter although it doesn't convert from a store-supported type! You might wanna check you annotation setup at the converter implementation.
2019-12-17 09:16:12.242  INFO 6039 --- [restartedMain] o.s.b.d.a.OptionalLiveReloadServer       : LiveReload server is running on port 35729
2019-12-17 09:16:12.742  INFO 6039 --- [RMI TCP Connection(3)-127.0.0.1] inMXBeanRegistrar$SpringApplicationAdmin : Application shutdown requested.
2019-12-17 09:16:12.902  INFO 6039 --- [restartedMain] o.s.s.concurrent.ThreadPoolTaskExecutor  : Initializing ExecutorService 'applicationTaskExecutor'
2019-12-17 09:16:12.960  WARN 6039 --- [restartedMain] ion$DefaultTemplateResolverConfiguration : Cannot find template location: classpath:/templates/ (please add some templates or check your Thymeleaf configuration)
2019-12-17 09:16:13.077  INFO 6039 --- [restartedMain] d.s.w.p.DocumentationPluginsBootstrapper : Context refreshed
2019-12-17 09:16:13.083  INFO 6039 --- [restartedMain] d.s.w.p.DocumentationPluginsBootstrapper : Found 1 custom documentation plugin(s)
2019-12-17 09:16:13.091  INFO 6039 --- [restartedMain] s.d.s.w.s.ApiListingReferenceScanner     : Scanning for api listing references
2019-12-17 09:16:13.183  INFO 6039 --- [restartedMain] .d.s.w.r.o.CachingOperationNameGenerator : Generating unique operation named: addNoteUsingPOST_1
2019-12-17 09:16:13.412  INFO 6039 --- [restartedMain] o.s.a.r.c.CachingConnectionFactory       : Attempting to connect to: [localhost:5672]
2019-12-17 09:16:13.422  INFO 6039 --- [restartedMain] o.s.a.r.c.CachingConnectionFactory       : Created new connection: rabbitConnectionFactory#75078f64:0/SimpleConnection@715cbe40 [delegate=amqp://guest@127.0.0.1:5672/, localPort= 55770]
2019-12-17 09:16:13.424  INFO 6039 --- [restartedMain] o.s.amqp.rabbit.core.RabbitAdmin         : Auto-declaring a non-durable, auto-delete, or exclusive Queue (userMessageQueue) durable:false, auto-delete:false, exclusive:false. It will be redeclared if the broker stops and is restarted while the connection factory is alive, but all messages will be lost.
2019-12-17 09:16:13.456  INFO 6039 --- [restartedMain] o.s.b.w.embedded.tomcat.TomcatWebServer  : Tomcat started on port(s): 1234 (http) with context path ''
2019-12-17 09:16:13.463  INFO 6039 --- [restartedMain] c.b.fundoonote.FundooNoteApplication     : Started FundooNoteApplication in 3.449 seconds (JVM running for 86.79)
2019-12-17 09:16:13.475  INFO 6039 --- [restartedMain] .ConditionEvaluationDeltaLoggingListener : Condition evaluation unchanged
2019-12-17 09:16:13.476  INFO 6039 --- [RMI TCP Connection(3)-127.0.0.1] o.s.a.r.l.SimpleMessageListenerContainer : Waiting for workers to finish.
2019-12-17 09:16:14.447  INFO 6039 --- [RMI TCP Connection(3)-127.0.0.1] o.s.a.r.l.SimpleMessageListenerContainer : Successfully waited for workers to finish.
2019-12-17 09:16:14.458  INFO 6039 --- [RMI TCP Connection(3)-127.0.0.1] o.s.s.concurrent.ThreadPoolTaskExecutor  : Shutting down ExecutorService 'applicationTaskExecutor'
2019-12-17 09:16:14.462  INFO 6039 --- [RMI TCP Connection(3)-127.0.0.1] o.s.a.r.l.SimpleMessageListenerContainer : Shutdown ignored - container is not active already
2019-12-17 09:16:16.997  INFO 6282 --- [restartedMain] c.b.fundoonote.FundooNoteApplication     : Starting FundooNoteApplication on admin1-LIVA-Z2V with PID 6282 (/home/admin1/Desktop/SpringWorkSpace/FundooNote/target/classes started by admin1 in /home/admin1/Desktop/SpringWorkSpace/FundooNote)
2019-12-17 09:16:17.003  INFO 6282 --- [restartedMain] c.b.fundoonote.FundooNoteApplication     : No active profile set, falling back to default profiles: default
2019-12-17 09:16:17.538  INFO 6282 --- [restartedMain] o.s.b.devtools.restart.ChangeableUrls    : The Class-Path manifest attribute in /home/admin1/.m2/repository/com/sun/xml/bind/jaxb-osgi/2.2.10/jaxb-osgi-2.2.10.jar referenced one or more files that do not exist: file:/home/admin1/.m2/repository/com/sun/xml/bind/jaxb-osgi/2.2.10/jaxb-core-2.2.10.jar,file:/home/admin1/.m2/repository/com/sun/xml/bind/jaxb-osgi/2.2.10/jaxb-xjc-2.2.10.jar,file:/home/admin1/.m2/repository/com/sun/xml/bind/jaxb-osgi/2.2.10/jaxb-impl-2.2.10.jar,file:/home/admin1/.m2/repository/com/sun/xml/bind/jaxb-osgi/2.2.10/jaxb-jxc-2.2.10.jar,file:/home/admin1/.m2/repository/com/sun/xml/bind/jaxb-osgi/2.2.10/jaxb1-impl-2.2.10.jar,file:/home/admin1/.m2/repository/com/sun/xml/bind/jaxb-osgi/2.2.10/jaxb-runtime-2.2.10.jar,file:/home/admin1/.m2/repository/com/sun/xml/bind/jaxb-osgi/2.2.10/jaxb-core-2.2.10.jar,file:/home/admin1/.m2/repository/com/sun/xml/bind/jaxb-osgi/2.2.10/jaxb-api-2.2.12-b140109.1041.jar,file:/home/admin1/.m2/repository/com/sun/xml/bind/jaxb-osgi/2.2.10/txw2-2.2.10.jar,file:/home/admin1/.m2/repository/com/sun/xml/bind/jaxb-osgi/2.2.10/istack-commons-runtime-2.19.jar,file:/home/admin1/.m2/repository/com/sun/xml/bind/jaxb-osgi/2.2.10/stax-ex-1.7.7.jar,file:/home/admin1/.m2/repository/com/sun/xml/bind/jaxb-osgi/2.2.10/FastInfoset-1.2.13.jar,file:/home/admin1/.m2/repository/com/sun/xml/bind/jaxb-osgi/2.2.10/msv-core-2013.6.1.jar,file:/home/admin1/.m2/repository/com/sun/xml/bind/jaxb-osgi/2.2.10/xsdlib-2013.6.1.jar,file:/home/admin1/.m2/repository/com/sun/xml/bind/jaxb-osgi/2.2.10/relaxngDatatype-20020414.jar,file:/home/admin1/.m2/repository/com/sun/xml/bind/jaxb-osgi/2.2.10/isorelax-20090621.jar
2019-12-17 09:16:17.540  INFO 6282 --- [restartedMain] .e.DevToolsPropertyDefaultsPostProcessor : Devtools property defaults active! Set 'spring.devtools.add-properties' to 'false' to disable
2019-12-17 09:16:17.540  INFO 6282 --- [restartedMain] .e.DevToolsPropertyDefaultsPostProcessor : For additional web related logging consider setting the 'logging.level.web' property to 'DEBUG'
2019-12-17 09:16:19.058  INFO 6282 --- [restartedMain] .s.d.r.c.RepositoryConfigurationDelegate : Multiple Spring Data modules found, entering strict repository configuration mode!
2019-12-17 09:16:19.059  INFO 6282 --- [restartedMain] .s.d.r.c.RepositoryConfigurationDelegate : Bootstrapping Spring Data repositories in DEFAULT mode.
2019-12-17 09:16:19.154  INFO 6282 --- [restartedMain] .s.d.r.c.RepositoryConfigurationDelegate : Finished Spring Data repository scanning in 37ms. Found 0 repository interfaces.
2019-12-17 09:16:19.592  INFO 6282 --- [restartedMain] .s.d.r.c.RepositoryConfigurationDelegate : Multiple Spring Data modules found, entering strict repository configuration mode!
2019-12-17 09:16:19.593  INFO 6282 --- [restartedMain] .s.d.r.c.RepositoryConfigurationDelegate : Bootstrapping Spring Data repositories in DEFAULT mode.
2019-12-17 09:16:19.670  INFO 6282 --- [restartedMain] .s.d.r.c.RepositoryConfigurationDelegate : Finished Spring Data repository scanning in 76ms. Found 3 repository interfaces.
2019-12-17 09:16:19.687  INFO 6282 --- [restartedMain] .s.d.r.c.RepositoryConfigurationDelegate : Multiple Spring Data modules found, entering strict repository configuration mode!
2019-12-17 09:16:19.688  INFO 6282 --- [restartedMain] .s.d.r.c.RepositoryConfigurationDelegate : Bootstrapping Spring Data repositories in DEFAULT mode.
2019-12-17 09:16:19.710  INFO 6282 --- [restartedMain] .RepositoryConfigurationExtensionSupport : Spring Data Redis - Could not safely identify store assignment for repository candidate interface com.bridgelabz.fundoonote.label.repository.LabelRepository. If you want this repository to be a Redis repository, consider annotating your entities with one of these annotations: org.springframework.data.redis.core.RedisHash (preferred), or consider extending one of the following types with your repository: org.springframework.data.keyvalue.repository.KeyValueRepository.
2019-12-17 09:16:19.712  INFO 6282 --- [restartedMain] .RepositoryConfigurationExtensionSupport : Spring Data Redis - Could not safely identify store assignment for repository candidate interface com.bridgelabz.fundoonote.note.repository.NoteRepository. If you want this repository to be a Redis repository, consider annotating your entities with one of these annotations: org.springframework.data.redis.core.RedisHash (preferred), or consider extending one of the following types with your repository: org.springframework.data.keyvalue.repository.KeyValueRepository.
2019-12-17 09:16:19.713  INFO 6282 --- [restartedMain] .RepositoryConfigurationExtensionSupport : Spring Data Redis - Could not safely identify store assignment for repository candidate interface com.bridgelabz.fundoonote.repository.UserRepository. If you want this repository to be a Redis repository, consider annotating your entities with one of these annotations: org.springframework.data.redis.core.RedisHash (preferred), or consider extending one of the following types with your repository: org.springframework.data.keyvalue.repository.KeyValueRepository.
2019-12-17 09:16:19.714  INFO 6282 --- [restartedMain] .s.d.r.c.RepositoryConfigurationDelegate : Finished Spring Data repository scanning in 25ms. Found 0 repository interfaces.
2019-12-17 09:16:21.609  INFO 6282 --- [restartedMain] o.s.b.w.embedded.tomcat.TomcatWebServer  : Tomcat initialized with port(s): 1234 (http)
2019-12-17 09:16:21.627  INFO 6282 --- [restartedMain] o.apache.catalina.core.StandardService   : Starting service [Tomcat]
2019-12-17 09:16:21.629  INFO 6282 --- [restartedMain] org.apache.catalina.core.StandardEngine  : Starting Servlet engine: [Apache Tomcat/9.0.27]
2019-12-17 09:16:22.333  INFO 6282 --- [restartedMain] o.a.c.c.C.[Tomcat].[localhost].[/]       : Initializing Spring embedded WebApplicationContext
2019-12-17 09:16:22.339  INFO 6282 --- [restartedMain] o.s.web.context.ContextLoader            : Root WebApplicationContext: initialization completed in 4798 ms
2019-12-17 09:16:22.947  INFO 6282 --- [restartedMain] org.mongodb.driver.cluster               : Cluster created with settings {hosts=[localhost:27017], mode=MULTIPLE, requiredClusterType=UNKNOWN, serverSelectionTimeout='30000 ms', maxWaitQueueSize=500}
2019-12-17 09:16:22.948  INFO 6282 --- [restartedMain] org.mongodb.driver.cluster               : Adding discovered server localhost:27017 to client view of cluster
2019-12-17 09:16:23.041  INFO 6282 --- [cluster-ClusterId{value='5df84f8e31e63035bdcd17b5', description='null'}-localhost:27017] org.mongodb.driver.connection            : Opened connection [connectionId{localValue:1, serverValue:12}] to localhost:27017
2019-12-17 09:16:23.073  INFO 6282 --- [cluster-ClusterId{value='5df84f8e31e63035bdcd17b5', description='null'}-localhost:27017] org.mongodb.driver.cluster               : Monitor thread successfully connected to server with description ServerDescription{address=localhost:27017, type=STANDALONE, state=CONNECTED, ok=true, version=ServerVersion{versionList=[3, 6, 3]}, minWireVersion=0, maxWireVersion=6, maxDocumentSize=16777216, logicalSessionTimeoutMinutes=30, roundTripTimeNanos=3900598}
2019-12-17 09:16:23.078  INFO 6282 --- [cluster-ClusterId{value='5df84f8e31e63035bdcd17b5', description='null'}-localhost:27017] org.mongodb.driver.cluster               : Discovered cluster type of STANDALONE
2019-12-17 09:16:23.135  WARN 6282 --- [restartedMain] o.s.data.convert.CustomConversions       : Registering converter from class java.time.LocalDateTime to class java.time.Instant as reading converter although it doesn't convert from a store-supported type! You might wanna check you annotation setup at the converter implementation.
2019-12-17 09:16:23.138  WARN 6282 --- [restartedMain] o.s.data.convert.CustomConversions       : Registering converter from class java.time.Instant to class java.time.LocalDateTime as reading converter although it doesn't convert from a store-supported type! You might wanna check you annotation setup at the converter implementation.
2019-12-17 09:16:23.183  WARN 6282 --- [restartedMain] o.s.data.convert.CustomConversions       : Registering converter from class java.time.LocalDateTime to class java.time.Instant as reading converter although it doesn't convert from a store-supported type! You might wanna check you annotation setup at the converter implementation.
2019-12-17 09:16:23.183  WARN 6282 --- [restartedMain] o.s.data.convert.CustomConversions       : Registering converter from class java.time.Instant to class java.time.LocalDateTime as reading converter although it doesn't convert from a store-supported type! You might wanna check you annotation setup at the converter implementation.
2019-12-17 09:16:23.458  INFO 6282 --- [restartedMain] o.s.b.d.a.OptionalLiveReloadServer       : LiveReload server is running on port 35729
2019-12-17 09:16:25.087  INFO 6282 --- [restartedMain] o.s.s.concurrent.ThreadPoolTaskExecutor  : Initializing ExecutorService 'applicationTaskExecutor'
2019-12-17 09:16:25.274  WARN 6282 --- [restartedMain] ion$DefaultTemplateResolverConfiguration : Cannot find template location: classpath:/templates/ (please add some templates or check your Thymeleaf configuration)
2019-12-17 09:16:25.587  INFO 6282 --- [restartedMain] d.s.w.p.DocumentationPluginsBootstrapper : Context refreshed
2019-12-17 09:16:25.606  INFO 6282 --- [restartedMain] d.s.w.p.DocumentationPluginsBootstrapper : Found 1 custom documentation plugin(s)
2019-12-17 09:16:25.627  INFO 6282 --- [restartedMain] s.d.s.w.s.ApiListingReferenceScanner     : Scanning for api listing references
2019-12-17 09:16:26.059  INFO 6282 --- [restartedMain] .d.s.w.r.o.CachingOperationNameGenerator : Generating unique operation named: addNoteUsingPOST_1
2019-12-17 09:16:26.556  INFO 6282 --- [restartedMain] o.s.a.r.c.CachingConnectionFactory       : Attempting to connect to: [localhost:5672]
2019-12-17 09:16:26.594  INFO 6282 --- [restartedMain] o.s.a.r.c.CachingConnectionFactory       : Created new connection: rabbitConnectionFactory#637d9e19:0/SimpleConnection@3130f88d [delegate=amqp://guest@127.0.0.1:5672/, localPort= 55814]
2019-12-17 09:16:26.606  INFO 6282 --- [restartedMain] o.s.amqp.rabbit.core.RabbitAdmin         : Auto-declaring a non-durable, auto-delete, or exclusive Queue (userMessageQueue) durable:false, auto-delete:false, exclusive:false. It will be redeclared if the broker stops and is restarted while the connection factory is alive, but all messages will be lost.
2019-12-17 09:16:26.794  INFO 6282 --- [restartedMain] o.s.b.w.embedded.tomcat.TomcatWebServer  : Tomcat started on port(s): 1234 (http) with context path ''
2019-12-17 09:16:26.813  INFO 6282 --- [restartedMain] c.b.fundoonote.FundooNoteApplication     : Started FundooNoteApplication in 10.737 seconds (JVM running for 11.649)
2019-12-17 09:16:27.259  INFO 6282 --- [http-nio-1234-exec-1] o.a.c.c.C.[Tomcat].[localhost].[/]       : Initializing Spring DispatcherServlet 'dispatcherServlet'
2019-12-17 09:16:27.260  INFO 6282 --- [http-nio-1234-exec-1] o.s.web.servlet.DispatcherServlet        : Initializing Servlet 'dispatcherServlet'
2019-12-17 09:16:27.274  INFO 6282 --- [http-nio-1234-exec-1] o.s.web.servlet.DispatcherServlet        : Completed initialization in 14 ms
2019-12-17 09:17:16.886  INFO 6282 --- [http-nio-1234-exec-5] org.mongodb.driver.connection            : Opened connection [connectionId{localValue:2, serverValue:17}] to localhost:27017
2019-12-17 09:18:53.170  INFO 6282 --- [Thread-6] o.s.a.r.l.SimpleMessageListenerContainer : Waiting for workers to finish.
2019-12-17 09:18:53.807  INFO 6282 --- [Thread-6] o.s.a.r.l.SimpleMessageListenerContainer : Successfully waited for workers to finish.
2019-12-17 09:18:53.823  INFO 6282 --- [Thread-6] o.s.s.concurrent.ThreadPoolTaskExecutor  : Shutting down ExecutorService 'applicationTaskExecutor'
2019-12-17 09:18:53.844  INFO 6282 --- [Thread-6] o.s.a.r.l.SimpleMessageListenerContainer : Shutdown ignored - container is not active already
2019-12-17 09:18:53.874  INFO 6282 --- [Thread-6] org.mongodb.driver.connection            : Closed connection [connectionId{localValue:2, serverValue:17}] to localhost:27017 because the pool has been closed.
2019-12-17 09:18:54.817  INFO 6282 --- [restartedMain] c.b.fundoonote.FundooNoteApplication     : Starting FundooNoteApplication on admin1-LIVA-Z2V with PID 6282 (/home/admin1/Desktop/SpringWorkSpace/FundooNote/target/classes started by admin1 in /home/admin1/Desktop/SpringWorkSpace/FundooNote)
2019-12-17 09:18:54.823  INFO 6282 --- [restartedMain] c.b.fundoonote.FundooNoteApplication     : No active profile set, falling back to default profiles: default
2019-12-17 09:18:55.342  INFO 6282 --- [restartedMain] .s.d.r.c.RepositoryConfigurationDelegate : Multiple Spring Data modules found, entering strict repository configuration mode!
2019-12-17 09:18:55.342  INFO 6282 --- [restartedMain] .s.d.r.c.RepositoryConfigurationDelegate : Bootstrapping Spring Data repositories in DEFAULT mode.
2019-12-17 09:18:55.344  INFO 6282 --- [restartedMain] .s.d.r.c.RepositoryConfigurationDelegate : Finished Spring Data repository scanning in 1ms. Found 0 repository interfaces.
2019-12-17 09:18:55.596  INFO 6282 --- [restartedMain] .s.d.r.c.RepositoryConfigurationDelegate : Multiple Spring Data modules found, entering strict repository configuration mode!
2019-12-17 09:18:55.597  INFO 6282 --- [restartedMain] .s.d.r.c.RepositoryConfigurationDelegate : Bootstrapping Spring Data repositories in DEFAULT mode.
2019-12-17 09:18:55.646  INFO 6282 --- [restartedMain] .s.d.r.c.RepositoryConfigurationDelegate : Finished Spring Data repository scanning in 49ms. Found 3 repository interfaces.
2019-12-17 09:18:55.650  INFO 6282 --- [restartedMain] .s.d.r.c.RepositoryConfigurationDelegate : Multiple Spring Data modules found, entering strict repository configuration mode!
2019-12-17 09:18:55.656  INFO 6282 --- [restartedMain] .s.d.r.c.RepositoryConfigurationDelegate : Bootstrapping Spring Data repositories in DEFAULT mode.
2019-12-17 09:18:55.671  INFO 6282 --- [restartedMain] .RepositoryConfigurationExtensionSupport : Spring Data Redis - Could not safely identify store assignment for repository candidate interface com.bridgelabz.fundoonote.label.repository.LabelRepository. If you want this repository to be a Redis repository, consider annotating your entities with one of these annotations: org.springframework.data.redis.core.RedisHash (preferred), or consider extending one of the following types with your repository: org.springframework.data.keyvalue.repository.KeyValueRepository.
2019-12-17 09:18:55.672  INFO 6282 --- [restartedMain] .RepositoryConfigurationExtensionSupport : Spring Data Redis - Could not safely identify store assignment for repository candidate interface com.bridgelabz.fundoonote.note.repository.NoteRepository. If you want this repository to be a Redis repository, consider annotating your entities with one of these annotations: org.springframework.data.redis.core.RedisHash (preferred), or consider extending one of the following types with your repository: org.springframework.data.keyvalue.repository.KeyValueRepository.
2019-12-17 09:18:55.673  INFO 6282 --- [restartedMain] .RepositoryConfigurationExtensionSupport : Spring Data Redis - Could not safely identify store assignment for repository candidate interface com.bridgelabz.fundoonote.repository.UserRepository. If you want this repository to be a Redis repository, consider annotating your entities with one of these annotations: org.springframework.data.redis.core.RedisHash (preferred), or consider extending one of the following types with your repository: org.springframework.data.keyvalue.repository.KeyValueRepository.
2019-12-17 09:18:55.673  INFO 6282 --- [restartedMain] .s.d.r.c.RepositoryConfigurationDelegate : Finished Spring Data repository scanning in 17ms. Found 0 repository interfaces.
2019-12-17 09:18:56.126  WARN 6282 --- [restartedMain] org.apache.tomcat.util.modeler.Registry  : The MBean registry cannot be disabled because it has already been initialised
2019-12-17 09:18:58.537  INFO 6499 --- [restartedMain] c.b.fundoonote.FundooNoteApplication     : Starting FundooNoteApplication on admin1-LIVA-Z2V with PID 6499 (/home/admin1/Desktop/SpringWorkSpace/FundooNote/target/classes started by admin1 in /home/admin1/Desktop/SpringWorkSpace/FundooNote)
2019-12-17 09:18:58.541  INFO 6499 --- [restartedMain] c.b.fundoonote.FundooNoteApplication     : No active profile set, falling back to default profiles: default
2019-12-17 09:18:59.243  INFO 6499 --- [restartedMain] o.s.b.devtools.restart.ChangeableUrls    : The Class-Path manifest attribute in /home/admin1/.m2/repository/com/sun/xml/bind/jaxb-osgi/2.2.10/jaxb-osgi-2.2.10.jar referenced one or more files that do not exist: file:/home/admin1/.m2/repository/com/sun/xml/bind/jaxb-osgi/2.2.10/jaxb-core-2.2.10.jar,file:/home/admin1/.m2/repository/com/sun/xml/bind/jaxb-osgi/2.2.10/jaxb-xjc-2.2.10.jar,file:/home/admin1/.m2/repository/com/sun/xml/bind/jaxb-osgi/2.2.10/jaxb-impl-2.2.10.jar,file:/home/admin1/.m2/repository/com/sun/xml/bind/jaxb-osgi/2.2.10/jaxb-jxc-2.2.10.jar,file:/home/admin1/.m2/repository/com/sun/xml/bind/jaxb-osgi/2.2.10/jaxb1-impl-2.2.10.jar,file:/home/admin1/.m2/repository/com/sun/xml/bind/jaxb-osgi/2.2.10/jaxb-runtime-2.2.10.jar,file:/home/admin1/.m2/repository/com/sun/xml/bind/jaxb-osgi/2.2.10/jaxb-core-2.2.10.jar,file:/home/admin1/.m2/repository/com/sun/xml/bind/jaxb-osgi/2.2.10/jaxb-api-2.2.12-b140109.1041.jar,file:/home/admin1/.m2/repository/com/sun/xml/bind/jaxb-osgi/2.2.10/txw2-2.2.10.jar,file:/home/admin1/.m2/repository/com/sun/xml/bind/jaxb-osgi/2.2.10/istack-commons-runtime-2.19.jar,file:/home/admin1/.m2/repository/com/sun/xml/bind/jaxb-osgi/2.2.10/stax-ex-1.7.7.jar,file:/home/admin1/.m2/repository/com/sun/xml/bind/jaxb-osgi/2.2.10/FastInfoset-1.2.13.jar,file:/home/admin1/.m2/repository/com/sun/xml/bind/jaxb-osgi/2.2.10/msv-core-2013.6.1.jar,file:/home/admin1/.m2/repository/com/sun/xml/bind/jaxb-osgi/2.2.10/xsdlib-2013.6.1.jar,file:/home/admin1/.m2/repository/com/sun/xml/bind/jaxb-osgi/2.2.10/relaxngDatatype-20020414.jar,file:/home/admin1/.m2/repository/com/sun/xml/bind/jaxb-osgi/2.2.10/isorelax-20090621.jar
2019-12-17 09:18:59.257  INFO 6499 --- [restartedMain] .e.DevToolsPropertyDefaultsPostProcessor : Devtools property defaults active! Set 'spring.devtools.add-properties' to 'false' to disable
2019-12-17 09:18:59.259  INFO 6499 --- [restartedMain] .e.DevToolsPropertyDefaultsPostProcessor : For additional web related logging consider setting the 'logging.level.web' property to 'DEBUG'
2019-12-17 09:19:00.988  INFO 6499 --- [restartedMain] .s.d.r.c.RepositoryConfigurationDelegate : Multiple Spring Data modules found, entering strict repository configuration mode!
2019-12-17 09:19:00.990  INFO 6499 --- [restartedMain] .s.d.r.c.RepositoryConfigurationDelegate : Bootstrapping Spring Data repositories in DEFAULT mode.
2019-12-17 09:19:01.056  INFO 6499 --- [restartedMain] .s.d.r.c.RepositoryConfigurationDelegate : Finished Spring Data repository scanning in 25ms. Found 0 repository interfaces.
2019-12-17 09:19:01.431  INFO 6499 --- [restartedMain] .s.d.r.c.RepositoryConfigurationDelegate : Multiple Spring Data modules found, entering strict repository configuration mode!
2019-12-17 09:19:01.431  INFO 6499 --- [restartedMain] .s.d.r.c.RepositoryConfigurationDelegate : Bootstrapping Spring Data repositories in DEFAULT mode.
2019-12-17 09:19:01.505  INFO 6499 --- [restartedMain] .s.d.r.c.RepositoryConfigurationDelegate : Finished Spring Data repository scanning in 73ms. Found 3 repository interfaces.
2019-12-17 09:19:01.516  INFO 6499 --- [restartedMain] .s.d.r.c.RepositoryConfigurationDelegate : Multiple Spring Data modules found, entering strict repository configuration mode!
2019-12-17 09:19:01.518  INFO 6499 --- [restartedMain] .s.d.r.c.RepositoryConfigurationDelegate : Bootstrapping Spring Data repositories in DEFAULT mode.
2019-12-17 09:19:01.538  INFO 6499 --- [restartedMain] .RepositoryConfigurationExtensionSupport : Spring Data Redis - Could not safely identify store assignment for repository candidate interface com.bridgelabz.fundoonote.label.repository.LabelRepository. If you want this repository to be a Redis repository, consider annotating your entities with one of these annotations: org.springframework.data.redis.core.RedisHash (preferred), or consider extending one of the following types with your repository: org.springframework.data.keyvalue.repository.KeyValueRepository.
2019-12-17 09:19:01.539  INFO 6499 --- [restartedMain] .RepositoryConfigurationExtensionSupport : Spring Data Redis - Could not safely identify store assignment for repository candidate interface com.bridgelabz.fundoonote.note.repository.NoteRepository. If you want this repository to be a Redis repository, consider annotating your entities with one of these annotations: org.springframework.data.redis.core.RedisHash (preferred), or consider extending one of the following types with your repository: org.springframework.data.keyvalue.repository.KeyValueRepository.
2019-12-17 09:19:01.540  INFO 6499 --- [restartedMain] .RepositoryConfigurationExtensionSupport : Spring Data Redis - Could not safely identify store assignment for repository candidate interface com.bridgelabz.fundoonote.repository.UserRepository. If you want this repository to be a Redis repository, consider annotating your entities with one of these annotations: org.springframework.data.redis.core.RedisHash (preferred), or consider extending one of the following types with your repository: org.springframework.data.keyvalue.repository.KeyValueRepository.
2019-12-17 09:19:01.541  INFO 6499 --- [restartedMain] .s.d.r.c.RepositoryConfigurationDelegate : Finished Spring Data repository scanning in 21ms. Found 0 repository interfaces.
2019-12-17 09:19:02.664  INFO 6499 --- [restartedMain] o.s.b.w.embedded.tomcat.TomcatWebServer  : Tomcat initialized with port(s): 1234 (http)
2019-12-17 09:19:02.674  INFO 6499 --- [restartedMain] o.apache.catalina.core.StandardService   : Starting service [Tomcat]
2019-12-17 09:19:02.675  INFO 6499 --- [restartedMain] org.apache.catalina.core.StandardEngine  : Starting Servlet engine: [Apache Tomcat/9.0.27]
2019-12-17 09:19:02.979  INFO 6499 --- [restartedMain] o.a.c.c.C.[Tomcat].[localhost].[/]       : Initializing Spring embedded WebApplicationContext
2019-12-17 09:19:02.981  INFO 6499 --- [restartedMain] o.s.web.context.ContextLoader            : Root WebApplicationContext: initialization completed in 3722 ms
2019-12-17 09:19:03.318  INFO 6499 --- [restartedMain] org.mongodb.driver.cluster               : Cluster created with settings {hosts=[localhost:27017], mode=MULTIPLE, requiredClusterType=UNKNOWN, serverSelectionTimeout='30000 ms', maxWaitQueueSize=500}
2019-12-17 09:19:03.319  INFO 6499 --- [restartedMain] org.mongodb.driver.cluster               : Adding discovered server localhost:27017 to client view of cluster
2019-12-17 09:19:03.440  INFO 6499 --- [cluster-ClusterId{value='5df8502f36196a0987bc718e', description='null'}-localhost:27017] org.mongodb.driver.connection            : Opened connection [connectionId{localValue:1, serverValue:18}] to localhost:27017
2019-12-17 09:19:03.467  INFO 6499 --- [cluster-ClusterId{value='5df8502f36196a0987bc718e', description='null'}-localhost:27017] org.mongodb.driver.cluster               : Monitor thread successfully connected to server with description ServerDescription{address=localhost:27017, type=STANDALONE, state=CONNECTED, ok=true, version=ServerVersion{versionList=[3, 6, 3]}, minWireVersion=0, maxWireVersion=6, maxDocumentSize=16777216, logicalSessionTimeoutMinutes=30, roundTripTimeNanos=19369357}
2019-12-17 09:19:03.477  INFO 6499 --- [cluster-ClusterId{value='5df8502f36196a0987bc718e', description='null'}-localhost:27017] org.mongodb.driver.cluster               : Discovered cluster type of STANDALONE
2019-12-17 09:19:03.496  WARN 6499 --- [restartedMain] o.s.data.convert.CustomConversions       : Registering converter from class java.time.LocalDateTime to class java.time.Instant as reading converter although it doesn't convert from a store-supported type! You might wanna check you annotation setup at the converter implementation.
2019-12-17 09:19:03.496  WARN 6499 --- [restartedMain] o.s.data.convert.CustomConversions       : Registering converter from class java.time.Instant to class java.time.LocalDateTime as reading converter although it doesn't convert from a store-supported type! You might wanna check you annotation setup at the converter implementation.
2019-12-17 09:19:03.534  WARN 6499 --- [restartedMain] o.s.data.convert.CustomConversions       : Registering converter from class java.time.LocalDateTime to class java.time.Instant as reading converter although it doesn't convert from a store-supported type! You might wanna check you annotation setup at the converter implementation.
2019-12-17 09:19:03.535  WARN 6499 --- [restartedMain] o.s.data.convert.CustomConversions       : Registering converter from class java.time.Instant to class java.time.LocalDateTime as reading converter although it doesn't convert from a store-supported type! You might wanna check you annotation setup at the converter implementation.
2019-12-17 09:19:03.763  INFO 6499 --- [restartedMain] o.s.b.d.a.OptionalLiveReloadServer       : LiveReload server is running on port 35729
2019-12-17 09:19:05.246  INFO 6499 --- [restartedMain] o.s.s.concurrent.ThreadPoolTaskExecutor  : Initializing ExecutorService 'applicationTaskExecutor'
2019-12-17 09:19:05.410  WARN 6499 --- [restartedMain] ion$DefaultTemplateResolverConfiguration : Cannot find template location: classpath:/templates/ (please add some templates or check your Thymeleaf configuration)
2019-12-17 09:19:05.713  INFO 6499 --- [restartedMain] d.s.w.p.DocumentationPluginsBootstrapper : Context refreshed
2019-12-17 09:19:05.743  INFO 6499 --- [restartedMain] d.s.w.p.DocumentationPluginsBootstrapper : Found 1 custom documentation plugin(s)
2019-12-17 09:19:05.774  INFO 6499 --- [restartedMain] s.d.s.w.s.ApiListingReferenceScanner     : Scanning for api listing references
2019-12-17 09:19:06.127  INFO 6499 --- [restartedMain] .d.s.w.r.o.CachingOperationNameGenerator : Generating unique operation named: addNoteUsingPOST_1
2019-12-17 09:19:06.540  INFO 6499 --- [restartedMain] o.s.a.r.c.CachingConnectionFactory       : Attempting to connect to: [localhost:5672]
2019-12-17 09:19:06.580  INFO 6499 --- [restartedMain] o.s.a.r.c.CachingConnectionFactory       : Created new connection: rabbitConnectionFactory#60353919:0/SimpleConnection@618ee854 [delegate=amqp://guest@127.0.0.1:5672/, localPort= 55888]
2019-12-17 09:19:06.587  INFO 6499 --- [restartedMain] o.s.amqp.rabbit.core.RabbitAdmin         : Auto-declaring a non-durable, auto-delete, or exclusive Queue (userMessageQueue) durable:false, auto-delete:false, exclusive:false. It will be redeclared if the broker stops and is restarted while the connection factory is alive, but all messages will be lost.
2019-12-17 09:19:06.707  INFO 6499 --- [restartedMain] o.s.b.w.embedded.tomcat.TomcatWebServer  : Tomcat started on port(s): 1234 (http) with context path ''
2019-12-17 09:19:06.719  INFO 6499 --- [restartedMain] c.b.fundoonote.FundooNoteApplication     : Started FundooNoteApplication in 8.744 seconds (JVM running for 9.654)
2019-12-17 09:19:10.071  INFO 6499 --- [http-nio-1234-exec-1] o.a.c.c.C.[Tomcat].[localhost].[/]       : Initializing Spring DispatcherServlet 'dispatcherServlet'
2019-12-17 09:19:10.072  INFO 6499 --- [http-nio-1234-exec-1] o.s.web.servlet.DispatcherServlet        : Initializing Servlet 'dispatcherServlet'
2019-12-17 09:19:10.103  INFO 6499 --- [http-nio-1234-exec-1] o.s.web.servlet.DispatcherServlet        : Completed initialization in 31 ms
2019-12-17 09:20:22.284  INFO 6499 --- [http-nio-1234-exec-10] org.mongodb.driver.connection            : Opened connection [connectionId{localValue:2, serverValue:23}] to localhost:27017
2019-12-17 12:35:20.253  INFO 6499 --- [RMI TCP Connection(4)-127.0.0.1] inMXBeanRegistrar$SpringApplicationAdmin : Application shutdown requested.
2019-12-17 12:35:20.269  INFO 6499 --- [RMI TCP Connection(4)-127.0.0.1] o.s.a.r.l.SimpleMessageListenerContainer : Waiting for workers to finish.
2019-12-17 12:35:20.864  INFO 6499 --- [RMI TCP Connection(4)-127.0.0.1] o.s.a.r.l.SimpleMessageListenerContainer : Successfully waited for workers to finish.
2019-12-17 12:35:20.872  INFO 6499 --- [RMI TCP Connection(4)-127.0.0.1] o.s.s.concurrent.ThreadPoolTaskExecutor  : Shutting down ExecutorService 'applicationTaskExecutor'
2019-12-17 12:35:20.879  INFO 6499 --- [RMI TCP Connection(4)-127.0.0.1] o.s.a.r.l.SimpleMessageListenerContainer : Shutdown ignored - container is not active already
2019-12-17 12:35:20.908  INFO 6499 --- [RMI TCP Connection(4)-127.0.0.1] org.mongodb.driver.connection            : Closed connection [connectionId{localValue:2, serverValue:23}] to localhost:27017 because the pool has been closed.
